[2021-01-13 13:30:48:933] [INFO] - Starting OrdermigratedbtoolApplication using Java 15.0.1 on DESKTOP-M1OD1AL with PID 9632 (D:\AL\Project\Java\WorkSpace\ordermigratedbtool\target\classes started by admin in D:\AL\Project\Java\WorkSpace)
[2021-01-13 13:30:48:938] [INFO] - No active profile set, falling back to default profiles: default
[2021-01-13 13:30:49:329] [WARN] - No MyBatis mapper was found in '[com.fancky.multipledatasource.dao.test]' package. Please check your configuration.
[2021-01-13 13:30:49:570] [INFO] - Tomcat initialized with port(s): 8101 (http)
[2021-01-13 13:30:49:577] [INFO] - Initializing ProtocolHandler ["http-nio-8101"]
[2021-01-13 13:30:49:577] [INFO] - Starting service [Tomcat]
[2021-01-13 13:30:49:577] [INFO] - Starting Servlet engine: [Apache Tomcat/9.0.39]
[2021-01-13 13:30:49:578] [INFO] - Loaded Apache Tomcat Native library [1.2.25] using APR version [1.7.0].
[2021-01-13 13:30:49:578] [INFO] - APR capabilities: IPv6 [true], sendfile [true], accept filters [false], random [true].
[2021-01-13 13:30:49:579] [INFO] - APR/OpenSSL configuration: useAprConnector [false], useOpenSSL [true]
[2021-01-13 13:30:49:601] [INFO] - OpenSSL successfully initialized [OpenSSL 1.1.1g  21 Apr 2020]
[2021-01-13 13:30:49:659] [INFO] - Initializing Spring embedded WebApplicationContext
[2021-01-13 13:30:49:660] [INFO] - Root WebApplicationContext: initialization completed in 697 ms
[2021-01-13 13:30:49:862] [WARN] - Property 'mapperLocations' was specified but matching resources are not found.
[2021-01-13 13:30:49:928] [INFO] - Initializing ExecutorService 'applicationTaskExecutor'
[2021-01-13 13:30:50:026] [INFO] - Starting ProtocolHandler ["http-nio-8101"]
[2021-01-13 13:30:50:039] [INFO] - Tomcat started on port(s): 8101 (http) with context path ''
[2021-01-13 13:30:50:047] [INFO] - Started OrdermigratedbtoolApplication in 1.343 seconds (JVM running for 2.17)
[2021-01-13 13:30:55:021] [INFO] - Shutting down ExecutorService 'applicationTaskExecutor'
[2021-01-13 13:50:28:100] [INFO] - Starting OrdermigratedbtoolApplication using Java 15.0.1 on DESKTOP-M1OD1AL with PID 33404 (D:\AL\Project\Java\WorkSpace\ordermigratedbtool\target\classes started by admin in D:\AL\Project\Java\WorkSpace)
[2021-01-13 13:50:28:104] [INFO] - No active profile set, falling back to default profiles: default
[2021-01-13 13:50:28:186] [WARN] - Exception encountered during context initialization - cancelling refresh attempt: org.springframework.beans.factory.BeanDefinitionStoreException: Failed to parse configuration class [com.onlyedu.ordermigratedbtool.OrdermigratedbtoolApplication]; nested exception is org.springframework.context.annotation.ConflictingBeanDefinitionException: Annotation-specified bean name 'userInfoService' for bean class [com.onlyedu.ordermigratedbtool.service.mysql.UserInfoService] conflicts with existing, non-compatible bean definition of same name and class [com.onlyedu.ordermigratedbtool.service.UserInfoService]
[2021-01-13 13:50:38:832] [INFO] - Starting OrdermigratedbtoolApplication using Java 15.0.1 on DESKTOP-M1OD1AL with PID 31656 (D:\AL\Project\Java\WorkSpace\ordermigratedbtool\target\classes started by admin in D:\AL\Project\Java\WorkSpace)
[2021-01-13 13:50:38:836] [INFO] - No active profile set, falling back to default profiles: default
[2021-01-13 13:50:38:921] [WARN] - Exception encountered during context initialization - cancelling refresh attempt: org.springframework.beans.factory.BeanDefinitionStoreException: Failed to parse configuration class [com.onlyedu.ordermigratedbtool.OrdermigratedbtoolApplication]; nested exception is org.springframework.context.annotation.ConflictingBeanDefinitionException: Annotation-specified bean name 'userInfoService' for bean class [com.onlyedu.ordermigratedbtool.service.mysql.UserInfoService] conflicts with existing, non-compatible bean definition of same name and class [com.onlyedu.ordermigratedbtool.service.UserInfoService]
[2021-01-13 13:53:32:933] [INFO] - Starting OrdermigratedbtoolApplication using Java 15.0.1 on DESKTOP-M1OD1AL with PID 35900 (D:\AL\Project\Java\WorkSpace\ordermigratedbtool\target\classes started by admin in D:\AL\Project\Java\WorkSpace)
[2021-01-13 13:53:32:937] [INFO] - No active profile set, falling back to default profiles: default
[2021-01-13 13:53:33:293] [WARN] - No MyBatis mapper was found in '[com.fancky.multipledatasource.dao.test]' package. Please check your configuration.
[2021-01-13 13:53:33:469] [INFO] - Tomcat initialized with port(s): 8101 (http)
[2021-01-13 13:53:33:474] [INFO] - Initializing ProtocolHandler ["http-nio-8101"]
[2021-01-13 13:53:33:474] [INFO] - Starting service [Tomcat]
[2021-01-13 13:53:33:475] [INFO] - Starting Servlet engine: [Apache Tomcat/9.0.39]
[2021-01-13 13:53:33:475] [INFO] - Loaded Apache Tomcat Native library [1.2.25] using APR version [1.7.0].
[2021-01-13 13:53:33:476] [INFO] - APR capabilities: IPv6 [true], sendfile [true], accept filters [false], random [true].
[2021-01-13 13:53:33:476] [INFO] - APR/OpenSSL configuration: useAprConnector [false], useOpenSSL [true]
[2021-01-13 13:53:33:478] [INFO] - OpenSSL successfully initialized [OpenSSL 1.1.1g  21 Apr 2020]
[2021-01-13 13:53:33:532] [INFO] - Initializing Spring embedded WebApplicationContext
[2021-01-13 13:53:33:533] [INFO] - Root WebApplicationContext: initialization completed in 573 ms
[2021-01-13 13:53:33:707] [WARN] - Exception encountered during context initialization - cancelling refresh attempt: org.springframework.beans.factory.UnsatisfiedDependencyException: Error creating bean with name 'userInfoController': Unsatisfied dependency expressed through field 'mysqlUserInfoService'; nested exception is org.springframework.beans.factory.UnsatisfiedDependencyException: Error creating bean with name 'MysqlUserService': Unsatisfied dependency expressed through field 'userInfoMapper'; nested exception is org.springframework.beans.factory.NoSuchBeanDefinitionException: No qualifying bean of type 'com.onlyedu.ordermigratedbtool.dao.mysql.UserInfoMapper' available: expected at least 1 bean which qualifies as autowire candidate. Dependency annotations: {@org.springframework.beans.factory.annotation.Autowired(required=true)}
[2021-01-13 13:53:33:709] [INFO] - Stopping service [Tomcat]
[2021-01-13 13:53:33:726] [INFO] - 

Error starting ApplicationContext. To display the conditions report re-run your application with 'debug' enabled.
[2021-01-13 13:53:33:738] [ERROR] - 

***************************
APPLICATION FAILED TO START
***************************

Description:

Field userInfoMapper in com.onlyedu.ordermigratedbtool.service.mysql.UserInfoService required a bean of type 'com.onlyedu.ordermigratedbtool.dao.mysql.UserInfoMapper' that could not be found.

The injection point has the following annotations:
	- @org.springframework.beans.factory.annotation.Autowired(required=true)
	- @org.springframework.beans.factory.annotation.Qualifier("MysqlUserService")


Action:

Consider defining a bean of type 'com.onlyedu.ordermigratedbtool.dao.mysql.UserInfoMapper' in your configuration.

[2021-01-13 13:57:03:063] [INFO] - Starting OrdermigratedbtoolApplication using Java 15.0.1 on DESKTOP-M1OD1AL with PID 40680 (D:\AL\Project\Java\WorkSpace\ordermigratedbtool\target\classes started by admin in D:\AL\Project\Java\WorkSpace)
[2021-01-13 13:57:03:067] [INFO] - No active profile set, falling back to default profiles: default
[2021-01-13 13:57:03:444] [WARN] - No MyBatis mapper was found in '[com.fancky.multipledatasource.dao.test]' package. Please check your configuration.
[2021-01-13 13:57:03:610] [INFO] - Tomcat initialized with port(s): 8101 (http)
[2021-01-13 13:57:03:616] [INFO] - Initializing ProtocolHandler ["http-nio-8101"]
[2021-01-13 13:57:03:616] [INFO] - Starting service [Tomcat]
[2021-01-13 13:57:03:616] [INFO] - Starting Servlet engine: [Apache Tomcat/9.0.39]
[2021-01-13 13:57:03:617] [INFO] - Loaded Apache Tomcat Native library [1.2.25] using APR version [1.7.0].
[2021-01-13 13:57:03:617] [INFO] - APR capabilities: IPv6 [true], sendfile [true], accept filters [false], random [true].
[2021-01-13 13:57:03:617] [INFO] - APR/OpenSSL configuration: useAprConnector [false], useOpenSSL [true]
[2021-01-13 13:57:03:619] [INFO] - OpenSSL successfully initialized [OpenSSL 1.1.1g  21 Apr 2020]
[2021-01-13 13:57:03:674] [INFO] - Initializing Spring embedded WebApplicationContext
[2021-01-13 13:57:03:675] [INFO] - Root WebApplicationContext: initialization completed in 579 ms
[2021-01-13 13:57:03:846] [WARN] - Exception encountered during context initialization - cancelling refresh attempt: org.springframework.beans.factory.UnsatisfiedDependencyException: Error creating bean with name 'userInfoController': Unsatisfied dependency expressed through field 'mysqlUserInfoService'; nested exception is org.springframework.beans.factory.UnsatisfiedDependencyException: Error creating bean with name 'MysqlUserService': Unsatisfied dependency expressed through field 'userInfoMapper'; nested exception is org.springframework.beans.factory.NoSuchBeanDefinitionException: No qualifying bean of type 'com.onlyedu.ordermigratedbtool.dao.mysql.UserInfoMapper' available: expected at least 1 bean which qualifies as autowire candidate. Dependency annotations: {@org.springframework.beans.factory.annotation.Autowired(required=true)}
[2021-01-13 13:57:03:848] [INFO] - Stopping service [Tomcat]
[2021-01-13 13:57:03:867] [INFO] - 

Error starting ApplicationContext. To display the conditions report re-run your application with 'debug' enabled.
[2021-01-13 13:57:03:878] [ERROR] - 

***************************
APPLICATION FAILED TO START
***************************

Description:

Field userInfoMapper in com.onlyedu.ordermigratedbtool.service.mysql.UserInfoService required a bean of type 'com.onlyedu.ordermigratedbtool.dao.mysql.UserInfoMapper' that could not be found.

The injection point has the following annotations:
	- @org.springframework.beans.factory.annotation.Autowired(required=true)
	- @org.springframework.beans.factory.annotation.Qualifier("MysqlUserService")


Action:

Consider defining a bean of type 'com.onlyedu.ordermigratedbtool.dao.mysql.UserInfoMapper' in your configuration.

[2021-01-13 14:00:33:406] [INFO] - Starting OrdermigratedbtoolApplication using Java 15.0.1 on DESKTOP-M1OD1AL with PID 22944 (D:\AL\Project\Java\WorkSpace\ordermigratedbtool\target\classes started by admin in D:\AL\Project\Java\WorkSpace)
[2021-01-13 14:00:33:410] [INFO] - No active profile set, falling back to default profiles: default
[2021-01-13 14:00:33:769] [WARN] - No MyBatis mapper was found in '[com.fancky.multipledatasource.dao.test]' package. Please check your configuration.
[2021-01-13 14:00:33:946] [INFO] - Tomcat initialized with port(s): 8101 (http)
[2021-01-13 14:00:33:952] [INFO] - Initializing ProtocolHandler ["http-nio-8101"]
[2021-01-13 14:00:33:952] [INFO] - Starting service [Tomcat]
[2021-01-13 14:00:33:952] [INFO] - Starting Servlet engine: [Apache Tomcat/9.0.39]
[2021-01-13 14:00:33:954] [INFO] - Loaded Apache Tomcat Native library [1.2.25] using APR version [1.7.0].
[2021-01-13 14:00:33:954] [INFO] - APR capabilities: IPv6 [true], sendfile [true], accept filters [false], random [true].
[2021-01-13 14:00:33:954] [INFO] - APR/OpenSSL configuration: useAprConnector [false], useOpenSSL [true]
[2021-01-13 14:00:33:957] [INFO] - OpenSSL successfully initialized [OpenSSL 1.1.1g  21 Apr 2020]
[2021-01-13 14:00:34:024] [INFO] - Initializing Spring embedded WebApplicationContext
[2021-01-13 14:00:34:024] [INFO] - Root WebApplicationContext: initialization completed in 591 ms
[2021-01-13 14:00:34:202] [WARN] - Exception encountered during context initialization - cancelling refresh attempt: org.springframework.beans.factory.UnsatisfiedDependencyException: Error creating bean with name 'userInfoController': Unsatisfied dependency expressed through field 'mysqlUserInfoService'; nested exception is org.springframework.beans.factory.UnsatisfiedDependencyException: Error creating bean with name 'MysqlUserService': Unsatisfied dependency expressed through field 'userInfoMapper'; nested exception is org.springframework.beans.factory.NoSuchBeanDefinitionException: No qualifying bean of type 'com.onlyedu.ordermigratedbtool.dao.mysql.MysqlUserInfoMapper' available: expected at least 1 bean which qualifies as autowire candidate. Dependency annotations: {@org.springframework.beans.factory.annotation.Autowired(required=true)}
[2021-01-13 14:00:34:204] [INFO] - Stopping service [Tomcat]
[2021-01-13 14:00:34:222] [INFO] - 

Error starting ApplicationContext. To display the conditions report re-run your application with 'debug' enabled.
[2021-01-13 14:00:34:233] [ERROR] - 

***************************
APPLICATION FAILED TO START
***************************

Description:

Field userInfoMapper in com.onlyedu.ordermigratedbtool.service.mysql.UserInfoService required a bean of type 'com.onlyedu.ordermigratedbtool.dao.mysql.MysqlUserInfoMapper' that could not be found.

The injection point has the following annotations:
	- @org.springframework.beans.factory.annotation.Autowired(required=true)
	- @org.springframework.beans.factory.annotation.Qualifier("MysqlUserService")


Action:

Consider defining a bean of type 'com.onlyedu.ordermigratedbtool.dao.mysql.MysqlUserInfoMapper' in your configuration.

[2021-01-13 14:02:57:654] [INFO] - Starting OrdermigratedbtoolApplication using Java 15.0.1 on DESKTOP-M1OD1AL with PID 39996 (D:\AL\Project\Java\WorkSpace\ordermigratedbtool\target\classes started by admin in D:\AL\Project\Java\WorkSpace)
[2021-01-13 14:02:57:659] [INFO] - No active profile set, falling back to default profiles: default
[2021-01-13 14:02:58:059] [WARN] - No MyBatis mapper was found in '[com.fancky.multipledatasource.dao.test]' package. Please check your configuration.
[2021-01-13 14:02:58:242] [INFO] - Tomcat initialized with port(s): 8101 (http)
[2021-01-13 14:02:58:247] [INFO] - Initializing ProtocolHandler ["http-nio-8101"]
[2021-01-13 14:02:58:248] [INFO] - Starting service [Tomcat]
[2021-01-13 14:02:58:248] [INFO] - Starting Servlet engine: [Apache Tomcat/9.0.39]
[2021-01-13 14:02:58:249] [INFO] - Loaded Apache Tomcat Native library [1.2.25] using APR version [1.7.0].
[2021-01-13 14:02:58:249] [INFO] - APR capabilities: IPv6 [true], sendfile [true], accept filters [false], random [true].
[2021-01-13 14:02:58:249] [INFO] - APR/OpenSSL configuration: useAprConnector [false], useOpenSSL [true]
[2021-01-13 14:02:58:251] [INFO] - OpenSSL successfully initialized [OpenSSL 1.1.1g  21 Apr 2020]
[2021-01-13 14:02:58:309] [INFO] - Initializing Spring embedded WebApplicationContext
[2021-01-13 14:02:58:309] [INFO] - Root WebApplicationContext: initialization completed in 618 ms
[2021-01-13 14:02:58:502] [WARN] - Exception encountered during context initialization - cancelling refresh attempt: org.springframework.beans.factory.UnsatisfiedDependencyException: Error creating bean with name 'userInfoController': Unsatisfied dependency expressed through field 'mysqlUserInfoService'; nested exception is org.springframework.beans.factory.UnsatisfiedDependencyException: Error creating bean with name 'MysqlUserService': Unsatisfied dependency expressed through field 'userInfoMapper'; nested exception is org.springframework.beans.factory.NoSuchBeanDefinitionException: No qualifying bean of type 'com.onlyedu.ordermigratedbtool.dao.mysql.MysqlUserInfoMapper' available: expected at least 1 bean which qualifies as autowire candidate. Dependency annotations: {@org.springframework.beans.factory.annotation.Autowired(required=true)}
[2021-01-13 14:02:58:504] [INFO] - Stopping service [Tomcat]
[2021-01-13 14:02:58:525] [INFO] - 

Error starting ApplicationContext. To display the conditions report re-run your application with 'debug' enabled.
[2021-01-13 14:02:58:540] [ERROR] - 

***************************
APPLICATION FAILED TO START
***************************

Description:

Field userInfoMapper in com.onlyedu.ordermigratedbtool.service.mysql.UserInfoService required a bean of type 'com.onlyedu.ordermigratedbtool.dao.mysql.MysqlUserInfoMapper' that could not be found.

The injection point has the following annotations:
	- @org.springframework.beans.factory.annotation.Autowired(required=true)
	- @org.springframework.beans.factory.annotation.Qualifier("MysqlUserService")


Action:

Consider defining a bean of type 'com.onlyedu.ordermigratedbtool.dao.mysql.MysqlUserInfoMapper' in your configuration.

[2021-01-13 14:07:03:189] [INFO] - Starting OrdermigratedbtoolApplication using Java 15.0.1 on DESKTOP-M1OD1AL with PID 4676 (D:\AL\Project\Java\WorkSpace\ordermigratedbtool\target\classes started by admin in D:\AL\Project\Java\WorkSpace)
[2021-01-13 14:07:03:193] [INFO] - No active profile set, falling back to default profiles: default
[2021-01-13 14:07:03:555] [WARN] - No MyBatis mapper was found in '[com.fancky.multipledatasource.dao.test]' package. Please check your configuration.
[2021-01-13 14:07:03:723] [INFO] - Tomcat initialized with port(s): 8101 (http)
[2021-01-13 14:07:03:728] [INFO] - Initializing ProtocolHandler ["http-nio-8101"]
[2021-01-13 14:07:03:728] [INFO] - Starting service [Tomcat]
[2021-01-13 14:07:03:729] [INFO] - Starting Servlet engine: [Apache Tomcat/9.0.39]
[2021-01-13 14:07:03:729] [INFO] - Loaded Apache Tomcat Native library [1.2.25] using APR version [1.7.0].
[2021-01-13 14:07:03:729] [INFO] - APR capabilities: IPv6 [true], sendfile [true], accept filters [false], random [true].
[2021-01-13 14:07:03:730] [INFO] - APR/OpenSSL configuration: useAprConnector [false], useOpenSSL [true]
[2021-01-13 14:07:03:732] [INFO] - OpenSSL successfully initialized [OpenSSL 1.1.1g  21 Apr 2020]
[2021-01-13 14:07:03:788] [INFO] - Initializing Spring embedded WebApplicationContext
[2021-01-13 14:07:03:788] [INFO] - Root WebApplicationContext: initialization completed in 569 ms
[2021-01-13 14:07:03:965] [WARN] - Exception encountered during context initialization - cancelling refresh attempt: org.springframework.beans.factory.UnsatisfiedDependencyException: Error creating bean with name 'userInfoController': Unsatisfied dependency expressed through field 'mysqlUserInfoService'; nested exception is org.springframework.beans.factory.UnsatisfiedDependencyException: Error creating bean with name 'MysqlUserService': Unsatisfied dependency expressed through field 'userInfoMapper'; nested exception is org.springframework.beans.factory.NoSuchBeanDefinitionException: No qualifying bean of type 'com.onlyedu.ordermigratedbtool.dao.mysql.MysqlUserInfoMapper' available: expected at least 1 bean which qualifies as autowire candidate. Dependency annotations: {@org.springframework.beans.factory.annotation.Autowired(required=true)}
[2021-01-13 14:07:03:967] [INFO] - Stopping service [Tomcat]
[2021-01-13 14:07:03:985] [INFO] - 

Error starting ApplicationContext. To display the conditions report re-run your application with 'debug' enabled.
[2021-01-13 14:07:03:997] [ERROR] - 

***************************
APPLICATION FAILED TO START
***************************

Description:

Field userInfoMapper in com.onlyedu.ordermigratedbtool.service.mysql.UserInfoService required a bean of type 'com.onlyedu.ordermigratedbtool.dao.mysql.MysqlUserInfoMapper' that could not be found.

The injection point has the following annotations:
	- @org.springframework.beans.factory.annotation.Autowired(required=true)
	- @org.springframework.beans.factory.annotation.Qualifier("MysqlUserService")


Action:

Consider defining a bean of type 'com.onlyedu.ordermigratedbtool.dao.mysql.MysqlUserInfoMapper' in your configuration.

[2021-01-13 14:08:27:056] [INFO] - Starting OrdermigratedbtoolApplication using Java 15.0.1 on DESKTOP-M1OD1AL with PID 36984 (D:\AL\Project\Java\WorkSpace\ordermigratedbtool\target\classes started by admin in D:\AL\Project\Java\WorkSpace)
[2021-01-13 14:08:27:060] [INFO] - No active profile set, falling back to default profiles: default
[2021-01-13 14:08:27:436] [WARN] - No MyBatis mapper was found in '[com.fancky.multipledatasource.dao.test]' package. Please check your configuration.
[2021-01-13 14:08:27:608] [INFO] - Tomcat initialized with port(s): 8101 (http)
[2021-01-13 14:08:27:613] [INFO] - Initializing ProtocolHandler ["http-nio-8101"]
[2021-01-13 14:08:27:613] [INFO] - Starting service [Tomcat]
[2021-01-13 14:08:27:613] [INFO] - Starting Servlet engine: [Apache Tomcat/9.0.39]
[2021-01-13 14:08:27:614] [INFO] - Loaded Apache Tomcat Native library [1.2.25] using APR version [1.7.0].
[2021-01-13 14:08:27:614] [INFO] - APR capabilities: IPv6 [true], sendfile [true], accept filters [false], random [true].
[2021-01-13 14:08:27:615] [INFO] - APR/OpenSSL configuration: useAprConnector [false], useOpenSSL [true]
[2021-01-13 14:08:27:617] [INFO] - OpenSSL successfully initialized [OpenSSL 1.1.1g  21 Apr 2020]
[2021-01-13 14:08:27:672] [INFO] - Initializing Spring embedded WebApplicationContext
[2021-01-13 14:08:27:672] [INFO] - Root WebApplicationContext: initialization completed in 589 ms
[2021-01-13 14:08:27:851] [WARN] - Exception encountered during context initialization - cancelling refresh attempt: org.springframework.beans.factory.UnsatisfiedDependencyException: Error creating bean with name 'userInfoController': Unsatisfied dependency expressed through field 'mysqlUserInfoService'; nested exception is org.springframework.beans.factory.UnsatisfiedDependencyException: Error creating bean with name 'MysqlUserService': Unsatisfied dependency expressed through field 'userInfoMapper'; nested exception is org.springframework.beans.factory.NoSuchBeanDefinitionException: No qualifying bean of type 'com.onlyedu.ordermigratedbtool.dao.mysql.MysqlUserInfoMapper' available: expected at least 1 bean which qualifies as autowire candidate. Dependency annotations: {@org.springframework.beans.factory.annotation.Autowired(required=true)}
[2021-01-13 14:08:27:853] [INFO] - Stopping service [Tomcat]
[2021-01-13 14:08:27:872] [INFO] - 

Error starting ApplicationContext. To display the conditions report re-run your application with 'debug' enabled.
[2021-01-13 14:08:27:883] [ERROR] - 

***************************
APPLICATION FAILED TO START
***************************

Description:

Field userInfoMapper in com.onlyedu.ordermigratedbtool.service.mysql.UserInfoService required a bean of type 'com.onlyedu.ordermigratedbtool.dao.mysql.MysqlUserInfoMapper' that could not be found.

The injection point has the following annotations:
	- @org.springframework.beans.factory.annotation.Autowired(required=true)
	- @org.springframework.beans.factory.annotation.Qualifier("MysqlUserService")


Action:

Consider defining a bean of type 'com.onlyedu.ordermigratedbtool.dao.mysql.MysqlUserInfoMapper' in your configuration.

[2021-01-13 14:11:00:743] [INFO] - Starting OrdermigratedbtoolApplication using Java 15.0.1 on DESKTOP-M1OD1AL with PID 39536 (D:\AL\Project\Java\WorkSpace\ordermigratedbtool\target\classes started by admin in D:\AL\Project\Java\WorkSpace)
[2021-01-13 14:11:00:747] [INFO] - No active profile set, falling back to default profiles: default
[2021-01-13 14:11:01:110] [WARN] - No MyBatis mapper was found in '[com.fancky.multipledatasource.dao.test]' package. Please check your configuration.
[2021-01-13 14:11:01:279] [INFO] - Tomcat initialized with port(s): 8101 (http)
[2021-01-13 14:11:01:284] [INFO] - Initializing ProtocolHandler ["http-nio-8101"]
[2021-01-13 14:11:01:284] [INFO] - Starting service [Tomcat]
[2021-01-13 14:11:01:285] [INFO] - Starting Servlet engine: [Apache Tomcat/9.0.39]
[2021-01-13 14:11:01:285] [INFO] - Loaded Apache Tomcat Native library [1.2.25] using APR version [1.7.0].
[2021-01-13 14:11:01:286] [INFO] - APR capabilities: IPv6 [true], sendfile [true], accept filters [false], random [true].
[2021-01-13 14:11:01:286] [INFO] - APR/OpenSSL configuration: useAprConnector [false], useOpenSSL [true]
[2021-01-13 14:11:01:288] [INFO] - OpenSSL successfully initialized [OpenSSL 1.1.1g  21 Apr 2020]
[2021-01-13 14:11:01:347] [INFO] - Initializing Spring embedded WebApplicationContext
[2021-01-13 14:11:01:347] [INFO] - Root WebApplicationContext: initialization completed in 576 ms
[2021-01-13 14:11:01:527] [WARN] - Exception encountered during context initialization - cancelling refresh attempt: org.springframework.beans.factory.UnsatisfiedDependencyException: Error creating bean with name 'userInfoController': Unsatisfied dependency expressed through field 'mysqlUserInfoService'; nested exception is org.springframework.beans.factory.UnsatisfiedDependencyException: Error creating bean with name 'MysqlUserService': Unsatisfied dependency expressed through field 'userInfoMapper'; nested exception is org.springframework.beans.factory.NoSuchBeanDefinitionException: No qualifying bean of type 'com.onlyedu.ordermigratedbtool.dao.mysql.MysqlUserInfoMapper' available: expected at least 1 bean which qualifies as autowire candidate. Dependency annotations: {@org.springframework.beans.factory.annotation.Autowired(required=true)}
[2021-01-13 14:11:01:529] [INFO] - Stopping service [Tomcat]
[2021-01-13 14:11:01:547] [INFO] - 

Error starting ApplicationContext. To display the conditions report re-run your application with 'debug' enabled.
[2021-01-13 14:11:01:557] [ERROR] - 

***************************
APPLICATION FAILED TO START
***************************

Description:

Field userInfoMapper in com.onlyedu.ordermigratedbtool.service.mysql.MysqlUserInfoService required a bean of type 'com.onlyedu.ordermigratedbtool.dao.mysql.MysqlUserInfoMapper' that could not be found.

The injection point has the following annotations:
	- @org.springframework.beans.factory.annotation.Autowired(required=true)
	- @org.springframework.beans.factory.annotation.Qualifier("MysqlUserService")


Action:

Consider defining a bean of type 'com.onlyedu.ordermigratedbtool.dao.mysql.MysqlUserInfoMapper' in your configuration.

[2021-01-13 14:11:17:579] [INFO] - Starting OrdermigratedbtoolApplication using Java 15.0.1 on DESKTOP-M1OD1AL with PID 29044 (D:\AL\Project\Java\WorkSpace\ordermigratedbtool\target\classes started by admin in D:\AL\Project\Java\WorkSpace)
[2021-01-13 14:11:17:583] [INFO] - No active profile set, falling back to default profiles: default
[2021-01-13 14:11:17:950] [WARN] - No MyBatis mapper was found in '[com.fancky.multipledatasource.dao.test]' package. Please check your configuration.
[2021-01-13 14:11:18:119] [INFO] - Tomcat initialized with port(s): 8101 (http)
[2021-01-13 14:11:18:124] [INFO] - Initializing ProtocolHandler ["http-nio-8101"]
[2021-01-13 14:11:18:124] [INFO] - Starting service [Tomcat]
[2021-01-13 14:11:18:124] [INFO] - Starting Servlet engine: [Apache Tomcat/9.0.39]
[2021-01-13 14:11:18:125] [INFO] - Loaded Apache Tomcat Native library [1.2.25] using APR version [1.7.0].
[2021-01-13 14:11:18:126] [INFO] - APR capabilities: IPv6 [true], sendfile [true], accept filters [false], random [true].
[2021-01-13 14:11:18:126] [INFO] - APR/OpenSSL configuration: useAprConnector [false], useOpenSSL [true]
[2021-01-13 14:11:18:129] [INFO] - OpenSSL successfully initialized [OpenSSL 1.1.1g  21 Apr 2020]
[2021-01-13 14:11:18:185] [INFO] - Initializing Spring embedded WebApplicationContext
[2021-01-13 14:11:18:186] [INFO] - Root WebApplicationContext: initialization completed in 579 ms
[2021-01-13 14:11:18:376] [WARN] - Exception encountered during context initialization - cancelling refresh attempt: org.springframework.beans.factory.UnsatisfiedDependencyException: Error creating bean with name 'MysqlUserService': Unsatisfied dependency expressed through field 'userInfoMapper'; nested exception is org.springframework.beans.factory.NoSuchBeanDefinitionException: No qualifying bean of type 'com.onlyedu.ordermigratedbtool.dao.mysql.MysqlUserInfoMapper' available: expected at least 1 bean which qualifies as autowire candidate. Dependency annotations: {@org.springframework.beans.factory.annotation.Autowired(required=true)}
[2021-01-13 14:11:18:379] [INFO] - Stopping service [Tomcat]
[2021-01-13 14:11:18:397] [INFO] - 

Error starting ApplicationContext. To display the conditions report re-run your application with 'debug' enabled.
[2021-01-13 14:11:18:408] [ERROR] - 

***************************
APPLICATION FAILED TO START
***************************

Description:

Field userInfoMapper in com.onlyedu.ordermigratedbtool.service.mysql.MysqlUserInfoService required a bean of type 'com.onlyedu.ordermigratedbtool.dao.mysql.MysqlUserInfoMapper' that could not be found.

The injection point has the following annotations:
	- @org.springframework.beans.factory.annotation.Autowired(required=true)


Action:

Consider defining a bean of type 'com.onlyedu.ordermigratedbtool.dao.mysql.MysqlUserInfoMapper' in your configuration.

[2021-01-13 14:11:31:851] [INFO] - Starting OrdermigratedbtoolApplication using Java 15.0.1 on DESKTOP-M1OD1AL with PID 31336 (D:\AL\Project\Java\WorkSpace\ordermigratedbtool\target\classes started by admin in D:\AL\Project\Java\WorkSpace)
[2021-01-13 14:11:31:855] [INFO] - No active profile set, falling back to default profiles: default
[2021-01-13 14:11:32:209] [WARN] - No MyBatis mapper was found in '[com.fancky.multipledatasource.dao.test]' package. Please check your configuration.
[2021-01-13 14:11:32:398] [INFO] - Tomcat initialized with port(s): 8101 (http)
[2021-01-13 14:11:32:404] [INFO] - Initializing ProtocolHandler ["http-nio-8101"]
[2021-01-13 14:11:32:404] [INFO] - Starting service [Tomcat]
[2021-01-13 14:11:32:405] [INFO] - Starting Servlet engine: [Apache Tomcat/9.0.39]
[2021-01-13 14:11:32:405] [INFO] - Loaded Apache Tomcat Native library [1.2.25] using APR version [1.7.0].
[2021-01-13 14:11:32:406] [INFO] - APR capabilities: IPv6 [true], sendfile [true], accept filters [false], random [true].
[2021-01-13 14:11:32:406] [INFO] - APR/OpenSSL configuration: useAprConnector [false], useOpenSSL [true]
[2021-01-13 14:11:32:408] [INFO] - OpenSSL successfully initialized [OpenSSL 1.1.1g  21 Apr 2020]
[2021-01-13 14:11:32:472] [INFO] - Initializing Spring embedded WebApplicationContext
[2021-01-13 14:11:32:472] [INFO] - Root WebApplicationContext: initialization completed in 594 ms
[2021-01-13 14:11:32:652] [WARN] - Exception encountered during context initialization - cancelling refresh attempt: org.springframework.beans.factory.UnsatisfiedDependencyException: Error creating bean with name 'userInfoController': Unsatisfied dependency expressed through field 'mysqlUserInfoService'; nested exception is org.springframework.beans.factory.UnsatisfiedDependencyException: Error creating bean with name 'MysqlUserService': Unsatisfied dependency expressed through field 'userInfoMapper'; nested exception is org.springframework.beans.factory.NoSuchBeanDefinitionException: No qualifying bean of type 'com.onlyedu.ordermigratedbtool.dao.mysql.MysqlUserInfoMapper' available: expected at least 1 bean which qualifies as autowire candidate. Dependency annotations: {@org.springframework.beans.factory.annotation.Autowired(required=true)}
[2021-01-13 14:11:32:654] [INFO] - Stopping service [Tomcat]
[2021-01-13 14:11:32:671] [INFO] - 

Error starting ApplicationContext. To display the conditions report re-run your application with 'debug' enabled.
[2021-01-13 14:11:32:682] [ERROR] - 

***************************
APPLICATION FAILED TO START
***************************

Description:

Field userInfoMapper in com.onlyedu.ordermigratedbtool.service.mysql.MysqlUserInfoService required a bean of type 'com.onlyedu.ordermigratedbtool.dao.mysql.MysqlUserInfoMapper' that could not be found.

The injection point has the following annotations:
	- @org.springframework.beans.factory.annotation.Autowired(required=true)


Action:

Consider defining a bean of type 'com.onlyedu.ordermigratedbtool.dao.mysql.MysqlUserInfoMapper' in your configuration.

[2021-01-13 14:11:54:623] [INFO] - Starting OrdermigratedbtoolApplication using Java 15.0.1 on DESKTOP-M1OD1AL with PID 32372 (D:\AL\Project\Java\WorkSpace\ordermigratedbtool\target\classes started by admin in D:\AL\Project\Java\WorkSpace)
[2021-01-13 14:11:54:627] [INFO] - No active profile set, falling back to default profiles: default
[2021-01-13 14:11:54:983] [WARN] - No MyBatis mapper was found in '[com.fancky.multipledatasource.dao.test]' package. Please check your configuration.
[2021-01-13 14:11:55:150] [INFO] - Tomcat initialized with port(s): 8101 (http)
[2021-01-13 14:11:55:155] [INFO] - Initializing ProtocolHandler ["http-nio-8101"]
[2021-01-13 14:11:55:155] [INFO] - Starting service [Tomcat]
[2021-01-13 14:11:55:155] [INFO] - Starting Servlet engine: [Apache Tomcat/9.0.39]
[2021-01-13 14:11:55:156] [INFO] - Loaded Apache Tomcat Native library [1.2.25] using APR version [1.7.0].
[2021-01-13 14:11:55:156] [INFO] - APR capabilities: IPv6 [true], sendfile [true], accept filters [false], random [true].
[2021-01-13 14:11:55:156] [INFO] - APR/OpenSSL configuration: useAprConnector [false], useOpenSSL [true]
[2021-01-13 14:11:55:158] [INFO] - OpenSSL successfully initialized [OpenSSL 1.1.1g  21 Apr 2020]
[2021-01-13 14:11:55:218] [INFO] - Initializing Spring embedded WebApplicationContext
[2021-01-13 14:11:55:218] [INFO] - Root WebApplicationContext: initialization completed in 568 ms
[2021-01-13 14:11:55:400] [WARN] - Exception encountered during context initialization - cancelling refresh attempt: org.springframework.beans.factory.UnsatisfiedDependencyException: Error creating bean with name 'userInfoController': Unsatisfied dependency expressed through field 'mysqlUserInfoService'; nested exception is org.springframework.beans.factory.UnsatisfiedDependencyException: Error creating bean with name 'mysqlUserInfoService': Unsatisfied dependency expressed through field 'userInfoMapper'; nested exception is org.springframework.beans.factory.NoSuchBeanDefinitionException: No qualifying bean of type 'com.onlyedu.ordermigratedbtool.dao.mysql.MysqlUserInfoMapper' available: expected at least 1 bean which qualifies as autowire candidate. Dependency annotations: {@org.springframework.beans.factory.annotation.Autowired(required=true)}
[2021-01-13 14:11:55:401] [INFO] - Stopping service [Tomcat]
[2021-01-13 14:11:55:420] [INFO] - 

Error starting ApplicationContext. To display the conditions report re-run your application with 'debug' enabled.
[2021-01-13 14:11:55:431] [ERROR] - 

***************************
APPLICATION FAILED TO START
***************************

Description:

Field userInfoMapper in com.onlyedu.ordermigratedbtool.service.mysql.MysqlUserInfoService required a bean of type 'com.onlyedu.ordermigratedbtool.dao.mysql.MysqlUserInfoMapper' that could not be found.

The injection point has the following annotations:
	- @org.springframework.beans.factory.annotation.Autowired(required=true)


Action:

Consider defining a bean of type 'com.onlyedu.ordermigratedbtool.dao.mysql.MysqlUserInfoMapper' in your configuration.

[2021-01-13 14:12:33:847] [INFO] - Starting OrdermigratedbtoolApplication using Java 15.0.1 on DESKTOP-M1OD1AL with PID 32760 (D:\AL\Project\Java\WorkSpace\ordermigratedbtool\target\classes started by admin in D:\AL\Project\Java\WorkSpace)
[2021-01-13 14:12:33:851] [INFO] - No active profile set, falling back to default profiles: default
[2021-01-13 14:12:34:211] [WARN] - No MyBatis mapper was found in '[com.fancky.multipledatasource.dao.test]' package. Please check your configuration.
[2021-01-13 14:12:34:383] [INFO] - Tomcat initialized with port(s): 8101 (http)
[2021-01-13 14:12:34:389] [INFO] - Initializing ProtocolHandler ["http-nio-8101"]
[2021-01-13 14:12:34:389] [INFO] - Starting service [Tomcat]
[2021-01-13 14:12:34:389] [INFO] - Starting Servlet engine: [Apache Tomcat/9.0.39]
[2021-01-13 14:12:34:390] [INFO] - Loaded Apache Tomcat Native library [1.2.25] using APR version [1.7.0].
[2021-01-13 14:12:34:390] [INFO] - APR capabilities: IPv6 [true], sendfile [true], accept filters [false], random [true].
[2021-01-13 14:12:34:390] [INFO] - APR/OpenSSL configuration: useAprConnector [false], useOpenSSL [true]
[2021-01-13 14:12:34:393] [INFO] - OpenSSL successfully initialized [OpenSSL 1.1.1g  21 Apr 2020]
[2021-01-13 14:12:34:448] [INFO] - Initializing Spring embedded WebApplicationContext
[2021-01-13 14:12:34:448] [INFO] - Root WebApplicationContext: initialization completed in 574 ms
[2021-01-13 14:12:34:627] [WARN] - Exception encountered during context initialization - cancelling refresh attempt: org.springframework.beans.factory.UnsatisfiedDependencyException: Error creating bean with name 'userInfoController': Unsatisfied dependency expressed through field 'mysqlUserInfoService'; nested exception is org.springframework.beans.factory.UnsatisfiedDependencyException: Error creating bean with name 'mysqlUserInfoService': Unsatisfied dependency expressed through field 'userInfoMapper'; nested exception is org.springframework.beans.factory.NoSuchBeanDefinitionException: No qualifying bean of type 'com.onlyedu.ordermigratedbtool.dao.mysql.MysqlUserInfoMapper' available: expected at least 1 bean which qualifies as autowire candidate. Dependency annotations: {@org.springframework.beans.factory.annotation.Autowired(required=true)}
[2021-01-13 14:12:34:629] [INFO] - Stopping service [Tomcat]
[2021-01-13 14:12:34:648] [INFO] - 

Error starting ApplicationContext. To display the conditions report re-run your application with 'debug' enabled.
[2021-01-13 14:12:34:659] [ERROR] - 

***************************
APPLICATION FAILED TO START
***************************

Description:

Field userInfoMapper in com.onlyedu.ordermigratedbtool.service.mysql.MysqlUserInfoService required a bean of type 'com.onlyedu.ordermigratedbtool.dao.mysql.MysqlUserInfoMapper' that could not be found.

The injection point has the following annotations:
	- @org.springframework.beans.factory.annotation.Autowired(required=true)


Action:

Consider defining a bean of type 'com.onlyedu.ordermigratedbtool.dao.mysql.MysqlUserInfoMapper' in your configuration.

[2021-01-13 14:14:22:809] [INFO] - Starting OrdermigratedbtoolApplication using Java 15.0.1 on DESKTOP-M1OD1AL with PID 27336 (D:\AL\Project\Java\WorkSpace\ordermigratedbtool\target\classes started by admin in D:\AL\Project\Java\WorkSpace)
[2021-01-13 14:14:22:813] [INFO] - No active profile set, falling back to default profiles: default
[2021-01-13 14:14:23:166] [WARN] - No MyBatis mapper was found in '[com.fancky.multipledatasource.dao.test]' package. Please check your configuration.
[2021-01-13 14:14:23:338] [INFO] - Tomcat initialized with port(s): 8101 (http)
[2021-01-13 14:14:23:344] [INFO] - Initializing ProtocolHandler ["http-nio-8101"]
[2021-01-13 14:14:23:345] [INFO] - Starting service [Tomcat]
[2021-01-13 14:14:23:345] [INFO] - Starting Servlet engine: [Apache Tomcat/9.0.39]
[2021-01-13 14:14:23:346] [INFO] - Loaded Apache Tomcat Native library [1.2.25] using APR version [1.7.0].
[2021-01-13 14:14:23:346] [INFO] - APR capabilities: IPv6 [true], sendfile [true], accept filters [false], random [true].
[2021-01-13 14:14:23:346] [INFO] - APR/OpenSSL configuration: useAprConnector [false], useOpenSSL [true]
[2021-01-13 14:14:23:349] [INFO] - OpenSSL successfully initialized [OpenSSL 1.1.1g  21 Apr 2020]
[2021-01-13 14:14:23:407] [INFO] - Initializing Spring embedded WebApplicationContext
[2021-01-13 14:14:23:407] [INFO] - Root WebApplicationContext: initialization completed in 572 ms
[2021-01-13 14:14:23:588] [WARN] - Exception encountered during context initialization - cancelling refresh attempt: org.springframework.beans.factory.UnsatisfiedDependencyException: Error creating bean with name 'userInfoController': Unsatisfied dependency expressed through field 'mysqlUserInfoService'; nested exception is org.springframework.beans.factory.UnsatisfiedDependencyException: Error creating bean with name 'mysqlUserInfoService': Unsatisfied dependency expressed through field 'userInfoMapper'; nested exception is org.springframework.beans.factory.NoSuchBeanDefinitionException: No qualifying bean of type 'com.onlyedu.ordermigratedbtool.dao.mysql.MysqlUserInfoMapper' available: expected at least 1 bean which qualifies as autowire candidate. Dependency annotations: {@org.springframework.beans.factory.annotation.Autowired(required=true)}
[2021-01-13 14:14:23:590] [INFO] - Stopping service [Tomcat]
[2021-01-13 14:14:23:608] [INFO] - 

Error starting ApplicationContext. To display the conditions report re-run your application with 'debug' enabled.
[2021-01-13 14:14:23:619] [ERROR] - 

***************************
APPLICATION FAILED TO START
***************************

Description:

Field userInfoMapper in com.onlyedu.ordermigratedbtool.service.mysql.MysqlUserInfoService required a bean of type 'com.onlyedu.ordermigratedbtool.dao.mysql.MysqlUserInfoMapper' that could not be found.

The injection point has the following annotations:
	- @org.springframework.beans.factory.annotation.Autowired(required=true)


Action:

Consider defining a bean of type 'com.onlyedu.ordermigratedbtool.dao.mysql.MysqlUserInfoMapper' in your configuration.

[2021-01-13 14:14:59:389] [INFO] - Starting OrdermigratedbtoolApplication using Java 15.0.1 on DESKTOP-M1OD1AL with PID 1536 (D:\AL\Project\Java\WorkSpace\ordermigratedbtool\target\classes started by admin in D:\AL\Project\Java\WorkSpace)
[2021-01-13 14:14:59:393] [INFO] - No active profile set, falling back to default profiles: default
[2021-01-13 14:14:59:740] [WARN] - No MyBatis mapper was found in '[com.fancky.multipledatasource.dao.test]' package. Please check your configuration.
[2021-01-13 14:14:59:914] [INFO] - Tomcat initialized with port(s): 8101 (http)
[2021-01-13 14:14:59:920] [INFO] - Initializing ProtocolHandler ["http-nio-8101"]
[2021-01-13 14:14:59:920] [INFO] - Starting service [Tomcat]
[2021-01-13 14:14:59:920] [INFO] - Starting Servlet engine: [Apache Tomcat/9.0.39]
[2021-01-13 14:14:59:921] [INFO] - Loaded Apache Tomcat Native library [1.2.25] using APR version [1.7.0].
[2021-01-13 14:14:59:921] [INFO] - APR capabilities: IPv6 [true], sendfile [true], accept filters [false], random [true].
[2021-01-13 14:14:59:922] [INFO] - APR/OpenSSL configuration: useAprConnector [false], useOpenSSL [true]
[2021-01-13 14:14:59:924] [INFO] - OpenSSL successfully initialized [OpenSSL 1.1.1g  21 Apr 2020]
[2021-01-13 14:14:59:982] [INFO] - Initializing Spring embedded WebApplicationContext
[2021-01-13 14:14:59:982] [INFO] - Root WebApplicationContext: initialization completed in 567 ms
[2021-01-13 14:15:00:160] [WARN] - Exception encountered during context initialization - cancelling refresh attempt: org.springframework.beans.factory.UnsatisfiedDependencyException: Error creating bean with name 'userInfoController': Unsatisfied dependency expressed through field 'mysqlUserInfoService'; nested exception is org.springframework.beans.factory.UnsatisfiedDependencyException: Error creating bean with name 'mysqlUserInfoService': Unsatisfied dependency expressed through field 'userInfoMapper'; nested exception is org.springframework.beans.factory.NoSuchBeanDefinitionException: No qualifying bean of type 'com.onlyedu.ordermigratedbtool.dao.mysql.MysqlUserInfoMapper' available: expected at least 1 bean which qualifies as autowire candidate. Dependency annotations: {@org.springframework.beans.factory.annotation.Autowired(required=true)}
[2021-01-13 14:15:00:162] [INFO] - Stopping service [Tomcat]
[2021-01-13 14:15:00:179] [INFO] - 

Error starting ApplicationContext. To display the conditions report re-run your application with 'debug' enabled.
[2021-01-13 14:15:00:192] [ERROR] - 

***************************
APPLICATION FAILED TO START
***************************

Description:

Field userInfoMapper in com.onlyedu.ordermigratedbtool.service.mysql.MysqlUserInfoService required a bean of type 'com.onlyedu.ordermigratedbtool.dao.mysql.MysqlUserInfoMapper' that could not be found.

The injection point has the following annotations:
	- @org.springframework.beans.factory.annotation.Autowired(required=true)


Action:

Consider defining a bean of type 'com.onlyedu.ordermigratedbtool.dao.mysql.MysqlUserInfoMapper' in your configuration.

[2021-01-13 14:18:32:386] [INFO] - Starting OrdermigratedbtoolApplication using Java 15.0.1 on DESKTOP-M1OD1AL with PID 3524 (D:\AL\Project\Java\WorkSpace\ordermigratedbtool\target\classes started by admin in D:\AL\Project\Java\WorkSpace)
[2021-01-13 14:18:32:390] [INFO] - No active profile set, falling back to default profiles: default
[2021-01-13 14:18:32:787] [WARN] - No MyBatis mapper was found in '[com.fancky.multipledatasource.dao.test]' package. Please check your configuration.
[2021-01-13 14:18:32:966] [INFO] - Tomcat initialized with port(s): 8101 (http)
[2021-01-13 14:18:32:971] [INFO] - Initializing ProtocolHandler ["http-nio-8101"]
[2021-01-13 14:18:32:971] [INFO] - Starting service [Tomcat]
[2021-01-13 14:18:32:971] [INFO] - Starting Servlet engine: [Apache Tomcat/9.0.39]
[2021-01-13 14:18:32:972] [INFO] - Loaded Apache Tomcat Native library [1.2.25] using APR version [1.7.0].
[2021-01-13 14:18:32:972] [INFO] - APR capabilities: IPv6 [true], sendfile [true], accept filters [false], random [true].
[2021-01-13 14:18:32:972] [INFO] - APR/OpenSSL configuration: useAprConnector [false], useOpenSSL [true]
[2021-01-13 14:18:32:974] [INFO] - OpenSSL successfully initialized [OpenSSL 1.1.1g  21 Apr 2020]
[2021-01-13 14:18:33:021] [INFO] - Initializing Spring embedded WebApplicationContext
[2021-01-13 14:18:33:021] [INFO] - Root WebApplicationContext: initialization completed in 596 ms
[2021-01-13 14:18:33:196] [WARN] - Exception encountered during context initialization - cancelling refresh attempt: org.springframework.beans.factory.UnsatisfiedDependencyException: Error creating bean with name 'userInfoController': Unsatisfied dependency expressed through field 'mysqlUserInfoService'; nested exception is org.springframework.beans.factory.UnsatisfiedDependencyException: Error creating bean with name 'mysqlUserInfoService': Unsatisfied dependency expressed through field 'userInfoMapper'; nested exception is org.springframework.beans.factory.NoSuchBeanDefinitionException: No qualifying bean of type 'com.onlyedu.ordermigratedbtool.dao.mysql.MysqlUserInfoMapper' available: expected at least 1 bean which qualifies as autowire candidate. Dependency annotations: {@org.springframework.beans.factory.annotation.Autowired(required=true)}
[2021-01-13 14:18:33:199] [INFO] - Stopping service [Tomcat]
[2021-01-13 14:18:33:222] [INFO] - 

Error starting ApplicationContext. To display the conditions report re-run your application with 'debug' enabled.
[2021-01-13 14:18:33:234] [ERROR] - 

***************************
APPLICATION FAILED TO START
***************************

Description:

Field userInfoMapper in com.onlyedu.ordermigratedbtool.service.mysql.MysqlUserInfoService required a bean of type 'com.onlyedu.ordermigratedbtool.dao.mysql.MysqlUserInfoMapper' that could not be found.

The injection point has the following annotations:
	- @org.springframework.beans.factory.annotation.Autowired(required=true)


Action:

Consider defining a bean of type 'com.onlyedu.ordermigratedbtool.dao.mysql.MysqlUserInfoMapper' in your configuration.

[2021-01-13 14:20:37:883] [INFO] - Starting OrdermigratedbtoolApplication using Java 15.0.1 on DESKTOP-M1OD1AL with PID 19832 (D:\AL\Project\Java\WorkSpace\ordermigratedbtool\target\classes started by admin in D:\AL\Project\Java\WorkSpace)
[2021-01-13 14:20:37:887] [INFO] - No active profile set, falling back to default profiles: default
[2021-01-13 14:20:38:288] [WARN] - No MyBatis mapper was found in '[com.fancky.multipledatasource.dao.test]' package. Please check your configuration.
[2021-01-13 14:20:38:462] [INFO] - Tomcat initialized with port(s): 8101 (http)
[2021-01-13 14:20:38:469] [INFO] - Initializing ProtocolHandler ["http-nio-8101"]
[2021-01-13 14:20:38:469] [INFO] - Starting service [Tomcat]
[2021-01-13 14:20:38:469] [INFO] - Starting Servlet engine: [Apache Tomcat/9.0.39]
[2021-01-13 14:20:38:470] [INFO] - Loaded Apache Tomcat Native library [1.2.25] using APR version [1.7.0].
[2021-01-13 14:20:38:471] [INFO] - APR capabilities: IPv6 [true], sendfile [true], accept filters [false], random [true].
[2021-01-13 14:20:38:471] [INFO] - APR/OpenSSL configuration: useAprConnector [false], useOpenSSL [true]
[2021-01-13 14:20:38:473] [INFO] - OpenSSL successfully initialized [OpenSSL 1.1.1g  21 Apr 2020]
[2021-01-13 14:20:38:534] [INFO] - Initializing Spring embedded WebApplicationContext
[2021-01-13 14:20:38:535] [INFO] - Root WebApplicationContext: initialization completed in 619 ms
[2021-01-13 14:20:38:709] [WARN] - Exception encountered during context initialization - cancelling refresh attempt: org.springframework.beans.factory.UnsatisfiedDependencyException: Error creating bean with name 'userInfoController': Unsatisfied dependency expressed through field 'mysqlUserInfoService'; nested exception is org.springframework.beans.factory.UnsatisfiedDependencyException: Error creating bean with name 'mysqlUserInfoService': Unsatisfied dependency expressed through field 'userInfoMapper'; nested exception is org.springframework.beans.factory.NoSuchBeanDefinitionException: No qualifying bean of type 'com.onlyedu.ordermigratedbtool.dao.mysql.MysqlUserInfoMapper' available: expected at least 1 bean which qualifies as autowire candidate. Dependency annotations: {@org.springframework.beans.factory.annotation.Autowired(required=true)}
[2021-01-13 14:20:38:710] [INFO] - Stopping service [Tomcat]
[2021-01-13 14:20:38:728] [INFO] - 

Error starting ApplicationContext. To display the conditions report re-run your application with 'debug' enabled.
[2021-01-13 14:20:38:739] [ERROR] - 

***************************
APPLICATION FAILED TO START
***************************

Description:

Field userInfoMapper in com.onlyedu.ordermigratedbtool.service.mysql.MysqlUserInfoService required a bean of type 'com.onlyedu.ordermigratedbtool.dao.mysql.MysqlUserInfoMapper' that could not be found.

The injection point has the following annotations:
	- @org.springframework.beans.factory.annotation.Autowired(required=true)


Action:

Consider defining a bean of type 'com.onlyedu.ordermigratedbtool.dao.mysql.MysqlUserInfoMapper' in your configuration.

[2021-01-13 14:34:46:975] [INFO] - Starting OrdermigratedbtoolApplication using Java 15.0.1 on DESKTOP-M1OD1AL with PID 22796 (D:\AL\Project\Java\WorkSpace\ordermigratedbtool\target\classes started by admin in D:\AL\Project\Java\WorkSpace)
[2021-01-13 14:34:46:979] [INFO] - No active profile set, falling back to default profiles: default
[2021-01-13 14:34:47:323] [WARN] - No MyBatis mapper was found in '[com.fancky.multipledatasource.dao.test]' package. Please check your configuration.
[2021-01-13 14:34:47:497] [INFO] - Tomcat initialized with port(s): 8101 (http)
[2021-01-13 14:34:47:503] [INFO] - Initializing ProtocolHandler ["http-nio-8101"]
[2021-01-13 14:34:47:503] [INFO] - Starting service [Tomcat]
[2021-01-13 14:34:47:503] [INFO] - Starting Servlet engine: [Apache Tomcat/9.0.39]
[2021-01-13 14:34:47:504] [INFO] - Loaded Apache Tomcat Native library [1.2.25] using APR version [1.7.0].
[2021-01-13 14:34:47:504] [INFO] - APR capabilities: IPv6 [true], sendfile [true], accept filters [false], random [true].
[2021-01-13 14:34:47:504] [INFO] - APR/OpenSSL configuration: useAprConnector [false], useOpenSSL [true]
[2021-01-13 14:34:47:506] [INFO] - OpenSSL successfully initialized [OpenSSL 1.1.1g  21 Apr 2020]
[2021-01-13 14:34:47:562] [INFO] - Initializing Spring embedded WebApplicationContext
[2021-01-13 14:34:47:563] [INFO] - Root WebApplicationContext: initialization completed in 561 ms
[2021-01-13 14:34:47:734] [WARN] - Exception encountered during context initialization - cancelling refresh attempt: org.springframework.beans.factory.UnsatisfiedDependencyException: Error creating bean with name 'userInfoController': Unsatisfied dependency expressed through field 'mysqlUserInfoService'; nested exception is org.springframework.beans.factory.UnsatisfiedDependencyException: Error creating bean with name 'mysqlUserInfoService': Unsatisfied dependency expressed through field 'userInfoMapper'; nested exception is org.springframework.beans.factory.NoSuchBeanDefinitionException: No qualifying bean of type 'com.onlyedu.ordermigratedbtool.dao.mysql.MysqlUserInfoMapper' available: expected at least 1 bean which qualifies as autowire candidate. Dependency annotations: {@org.springframework.beans.factory.annotation.Autowired(required=true)}
[2021-01-13 14:34:47:736] [INFO] - Stopping service [Tomcat]
[2021-01-13 14:34:47:753] [INFO] - 

Error starting ApplicationContext. To display the conditions report re-run your application with 'debug' enabled.
[2021-01-13 14:34:47:764] [ERROR] - 

***************************
APPLICATION FAILED TO START
***************************

Description:

Field userInfoMapper in com.onlyedu.ordermigratedbtool.service.mysql.MysqlUserInfoService required a bean of type 'com.onlyedu.ordermigratedbtool.dao.mysql.MysqlUserInfoMapper' that could not be found.

The injection point has the following annotations:
	- @org.springframework.beans.factory.annotation.Autowired(required=true)


Action:

Consider defining a bean of type 'com.onlyedu.ordermigratedbtool.dao.mysql.MysqlUserInfoMapper' in your configuration.

[2021-01-13 14:37:23:806] [INFO] - Starting OrdermigratedbtoolApplication using Java 15.0.1 on DESKTOP-M1OD1AL with PID 38160 (D:\AL\Project\Java\WorkSpace\ordermigratedbtool\target\classes started by admin in D:\AL\Project\Java\WorkSpace)
[2021-01-13 14:37:23:810] [INFO] - No active profile set, falling back to default profiles: default
[2021-01-13 14:37:24:176] [WARN] - No MyBatis mapper was found in '[com.fancky.multipledatasource.dao.test]' package. Please check your configuration.
[2021-01-13 14:37:24:345] [INFO] - Tomcat initialized with port(s): 8101 (http)
[2021-01-13 14:37:24:350] [INFO] - Initializing ProtocolHandler ["http-nio-8101"]
[2021-01-13 14:37:24:351] [INFO] - Starting service [Tomcat]
[2021-01-13 14:37:24:351] [INFO] - Starting Servlet engine: [Apache Tomcat/9.0.39]
[2021-01-13 14:37:24:352] [INFO] - Loaded Apache Tomcat Native library [1.2.25] using APR version [1.7.0].
[2021-01-13 14:37:24:352] [INFO] - APR capabilities: IPv6 [true], sendfile [true], accept filters [false], random [true].
[2021-01-13 14:37:24:352] [INFO] - APR/OpenSSL configuration: useAprConnector [false], useOpenSSL [true]
[2021-01-13 14:37:24:354] [INFO] - OpenSSL successfully initialized [OpenSSL 1.1.1g  21 Apr 2020]
[2021-01-13 14:37:24:413] [INFO] - Initializing Spring embedded WebApplicationContext
[2021-01-13 14:37:24:413] [INFO] - Root WebApplicationContext: initialization completed in 580 ms
[2021-01-13 14:37:24:598] [WARN] - Property 'mapperLocations' was specified but matching resources are not found.
[2021-01-13 14:37:24:664] [INFO] - Initializing ExecutorService 'applicationTaskExecutor'
[2021-01-13 14:37:24:753] [INFO] - Starting ProtocolHandler ["http-nio-8101"]
[2021-01-13 14:37:24:766] [INFO] - Tomcat started on port(s): 8101 (http) with context path ''
[2021-01-13 14:37:24:773] [INFO] - Started OrdermigratedbtoolApplication in 1.182 seconds (JVM running for 1.829)
[2021-01-13 14:39:09:798] [INFO] - Shutting down ExecutorService 'applicationTaskExecutor'
[2021-01-13 14:39:15:264] [INFO] - Starting OrdermigratedbtoolApplication using Java 15.0.1 on DESKTOP-M1OD1AL with PID 22384 (D:\AL\Project\Java\WorkSpace\ordermigratedbtool\target\classes started by admin in D:\AL\Project\Java\WorkSpace)
[2021-01-13 14:39:15:268] [INFO] - No active profile set, falling back to default profiles: default
[2021-01-13 14:39:15:624] [WARN] - No MyBatis mapper was found in '[com.fancky.multipledatasource.dao.test]' package. Please check your configuration.
[2021-01-13 14:39:15:797] [INFO] - Tomcat initialized with port(s): 8101 (http)
[2021-01-13 14:39:15:802] [INFO] - Initializing ProtocolHandler ["http-nio-8101"]
[2021-01-13 14:39:15:802] [INFO] - Starting service [Tomcat]
[2021-01-13 14:39:15:802] [INFO] - Starting Servlet engine: [Apache Tomcat/9.0.39]
[2021-01-13 14:39:15:803] [INFO] - Loaded Apache Tomcat Native library [1.2.25] using APR version [1.7.0].
[2021-01-13 14:39:15:803] [INFO] - APR capabilities: IPv6 [true], sendfile [true], accept filters [false], random [true].
[2021-01-13 14:39:15:803] [INFO] - APR/OpenSSL configuration: useAprConnector [false], useOpenSSL [true]
[2021-01-13 14:39:15:805] [INFO] - OpenSSL successfully initialized [OpenSSL 1.1.1g  21 Apr 2020]
[2021-01-13 14:39:15:865] [INFO] - Initializing Spring embedded WebApplicationContext
[2021-01-13 14:39:15:865] [INFO] - Root WebApplicationContext: initialization completed in 575 ms
[2021-01-13 14:39:16:049] [WARN] - Property 'mapperLocations' was specified but matching resources are not found.
[2021-01-13 14:39:16:110] [INFO] - Initializing ExecutorService 'applicationTaskExecutor'
[2021-01-13 14:39:16:199] [INFO] - Starting ProtocolHandler ["http-nio-8101"]
[2021-01-13 14:39:16:212] [INFO] - Tomcat started on port(s): 8101 (http) with context path ''
[2021-01-13 14:39:16:219] [INFO] - Started OrdermigratedbtoolApplication in 1.184 seconds (JVM running for 1.862)
[2021-01-13 14:41:46:004] [INFO] - Shutting down ExecutorService 'applicationTaskExecutor'
[2021-01-13 14:41:50:089] [INFO] - Starting OrdermigratedbtoolApplication using Java 15.0.1 on DESKTOP-M1OD1AL with PID 7832 (D:\AL\Project\Java\WorkSpace\ordermigratedbtool\target\classes started by admin in D:\AL\Project\Java\WorkSpace)
[2021-01-13 14:41:50:093] [INFO] - No active profile set, falling back to default profiles: default
[2021-01-13 14:41:50:447] [WARN] - No MyBatis mapper was found in '[com.fancky.multipledatasource.dao.test]' package. Please check your configuration.
[2021-01-13 14:41:50:619] [INFO] - Tomcat initialized with port(s): 8101 (http)
[2021-01-13 14:41:50:624] [INFO] - Initializing ProtocolHandler ["http-nio-8101"]
[2021-01-13 14:41:50:624] [INFO] - Starting service [Tomcat]
[2021-01-13 14:41:50:624] [INFO] - Starting Servlet engine: [Apache Tomcat/9.0.39]
[2021-01-13 14:41:50:625] [INFO] - Loaded Apache Tomcat Native library [1.2.25] using APR version [1.7.0].
[2021-01-13 14:41:50:625] [INFO] - APR capabilities: IPv6 [true], sendfile [true], accept filters [false], random [true].
[2021-01-13 14:41:50:625] [INFO] - APR/OpenSSL configuration: useAprConnector [false], useOpenSSL [true]
[2021-01-13 14:41:50:627] [INFO] - OpenSSL successfully initialized [OpenSSL 1.1.1g  21 Apr 2020]
[2021-01-13 14:41:50:686] [INFO] - Initializing Spring embedded WebApplicationContext
[2021-01-13 14:41:50:686] [INFO] - Root WebApplicationContext: initialization completed in 571 ms
[2021-01-13 14:41:50:857] [WARN] - Exception encountered during context initialization - cancelling refresh attempt: org.springframework.beans.factory.UnsatisfiedDependencyException: Error creating bean with name 'userInfoController': Unsatisfied dependency expressed through field 'mysqlUserInfoService'; nested exception is org.springframework.beans.factory.UnsatisfiedDependencyException: Error creating bean with name 'mysqlUserInfoService': Unsatisfied dependency expressed through field 'userInfoMapper'; nested exception is org.springframework.beans.factory.NoSuchBeanDefinitionException: No qualifying bean of type 'com.onlyedu.ordermigratedbtool.dao.mysql.MysqlUserInfoMapper' available: expected at least 1 bean which qualifies as autowire candidate. Dependency annotations: {@org.springframework.beans.factory.annotation.Autowired(required=true)}
[2021-01-13 14:41:50:859] [INFO] - Stopping service [Tomcat]
[2021-01-13 14:41:50:877] [INFO] - 

Error starting ApplicationContext. To display the conditions report re-run your application with 'debug' enabled.
[2021-01-13 14:41:50:888] [ERROR] - 

***************************
APPLICATION FAILED TO START
***************************

Description:

Field userInfoMapper in com.onlyedu.ordermigratedbtool.service.mysql.MysqlUserInfoService required a bean of type 'com.onlyedu.ordermigratedbtool.dao.mysql.MysqlUserInfoMapper' that could not be found.

The injection point has the following annotations:
	- @org.springframework.beans.factory.annotation.Autowired(required=true)


Action:

Consider defining a bean of type 'com.onlyedu.ordermigratedbtool.dao.mysql.MysqlUserInfoMapper' in your configuration.

[2021-01-13 14:43:13:486] [INFO] - Starting OrdermigratedbtoolApplication using Java 15.0.1 on DESKTOP-M1OD1AL with PID 34420 (D:\AL\Project\Java\WorkSpace\ordermigratedbtool\target\classes started by admin in D:\AL\Project\Java\WorkSpace)
[2021-01-13 14:43:13:490] [INFO] - No active profile set, falling back to default profiles: default
[2021-01-13 14:43:13:848] [WARN] - No MyBatis mapper was found in '[com.fancky.multipledatasource.dao.test]' package. Please check your configuration.
[2021-01-13 14:43:14:012] [INFO] - Tomcat initialized with port(s): 8101 (http)
[2021-01-13 14:43:14:018] [INFO] - Initializing ProtocolHandler ["http-nio-8101"]
[2021-01-13 14:43:14:018] [INFO] - Starting service [Tomcat]
[2021-01-13 14:43:14:018] [INFO] - Starting Servlet engine: [Apache Tomcat/9.0.39]
[2021-01-13 14:43:14:019] [INFO] - Loaded Apache Tomcat Native library [1.2.25] using APR version [1.7.0].
[2021-01-13 14:43:14:019] [INFO] - APR capabilities: IPv6 [true], sendfile [true], accept filters [false], random [true].
[2021-01-13 14:43:14:020] [INFO] - APR/OpenSSL configuration: useAprConnector [false], useOpenSSL [true]
[2021-01-13 14:43:14:021] [INFO] - OpenSSL successfully initialized [OpenSSL 1.1.1g  21 Apr 2020]
[2021-01-13 14:43:14:083] [INFO] - Initializing Spring embedded WebApplicationContext
[2021-01-13 14:43:14:083] [INFO] - Root WebApplicationContext: initialization completed in 571 ms
[2021-01-13 14:43:14:259] [WARN] - Exception encountered during context initialization - cancelling refresh attempt: org.springframework.beans.factory.UnsatisfiedDependencyException: Error creating bean with name 'userInfoController': Unsatisfied dependency expressed through field 'mysqlUserInfoService'; nested exception is org.springframework.beans.factory.UnsatisfiedDependencyException: Error creating bean with name 'mysqlUserInfoService': Unsatisfied dependency expressed through field 'userInfoMapper'; nested exception is org.springframework.beans.factory.NoSuchBeanDefinitionException: No qualifying bean of type 'com.onlyedu.ordermigratedbtool.dao.mysql.MysqlUserInfoMapper' available: expected at least 1 bean which qualifies as autowire candidate. Dependency annotations: {@org.springframework.beans.factory.annotation.Autowired(required=true)}
[2021-01-13 14:43:14:260] [INFO] - Stopping service [Tomcat]
[2021-01-13 14:43:14:280] [INFO] - 

Error starting ApplicationContext. To display the conditions report re-run your application with 'debug' enabled.
[2021-01-13 14:43:14:292] [ERROR] - 

***************************
APPLICATION FAILED TO START
***************************

Description:

Field userInfoMapper in com.onlyedu.ordermigratedbtool.service.mysql.MysqlUserInfoService required a bean of type 'com.onlyedu.ordermigratedbtool.dao.mysql.MysqlUserInfoMapper' that could not be found.

The injection point has the following annotations:
	- @org.springframework.beans.factory.annotation.Autowired(required=true)


Action:

Consider defining a bean of type 'com.onlyedu.ordermigratedbtool.dao.mysql.MysqlUserInfoMapper' in your configuration.

[2021-01-13 15:02:36:272] [INFO] - Starting OrdermigratedbtoolApplication using Java 15.0.1 on DESKTOP-M1OD1AL with PID 31424 (D:\AL\Project\Java\WorkSpace\ordermigratedbtool\target\classes started by admin in D:\AL\Project\Java\WorkSpace)
[2021-01-13 15:02:36:276] [INFO] - No active profile set, falling back to default profiles: default
[2021-01-13 15:02:36:637] [WARN] - No MyBatis mapper was found in '[com.fancky.multipledatasource.dao.test]' package. Please check your configuration.
[2021-01-13 15:02:36:807] [INFO] - Tomcat initialized with port(s): 8101 (http)
[2021-01-13 15:02:36:812] [INFO] - Initializing ProtocolHandler ["http-nio-8101"]
[2021-01-13 15:02:36:813] [INFO] - Starting service [Tomcat]
[2021-01-13 15:02:36:813] [INFO] - Starting Servlet engine: [Apache Tomcat/9.0.39]
[2021-01-13 15:02:36:814] [INFO] - Loaded Apache Tomcat Native library [1.2.25] using APR version [1.7.0].
[2021-01-13 15:02:36:814] [INFO] - APR capabilities: IPv6 [true], sendfile [true], accept filters [false], random [true].
[2021-01-13 15:02:36:814] [INFO] - APR/OpenSSL configuration: useAprConnector [false], useOpenSSL [true]
[2021-01-13 15:02:36:816] [INFO] - OpenSSL successfully initialized [OpenSSL 1.1.1g  21 Apr 2020]
[2021-01-13 15:02:36:872] [INFO] - Initializing Spring embedded WebApplicationContext
[2021-01-13 15:02:36:872] [INFO] - Root WebApplicationContext: initialization completed in 571 ms
[2021-01-13 15:02:37:046] [WARN] - Exception encountered during context initialization - cancelling refresh attempt: org.springframework.beans.factory.UnsatisfiedDependencyException: Error creating bean with name 'userInfoController': Unsatisfied dependency expressed through field 'orderHeadService'; nested exception is org.springframework.beans.factory.UnsatisfiedDependencyException: Error creating bean with name 'orderHeadService': Unsatisfied dependency expressed through field 'orderHeadMapper'; nested exception is org.springframework.beans.factory.NoSuchBeanDefinitionException: No qualifying bean of type 'com.onlyedu.ordermigratedbtool.dao.mysql.OrderHeadMapper' available: expected at least 1 bean which qualifies as autowire candidate. Dependency annotations: {@org.springframework.beans.factory.annotation.Autowired(required=true)}
[2021-01-13 15:02:37:048] [INFO] - Stopping service [Tomcat]
[2021-01-13 15:02:37:066] [INFO] - 

Error starting ApplicationContext. To display the conditions report re-run your application with 'debug' enabled.
[2021-01-13 15:02:37:078] [ERROR] - 

***************************
APPLICATION FAILED TO START
***************************

Description:

Field orderHeadMapper in com.onlyedu.ordermigratedbtool.service.mysql.OrderHeadService required a bean of type 'com.onlyedu.ordermigratedbtool.dao.mysql.OrderHeadMapper' that could not be found.

The injection point has the following annotations:
	- @org.springframework.beans.factory.annotation.Autowired(required=true)


Action:

Consider defining a bean of type 'com.onlyedu.ordermigratedbtool.dao.mysql.OrderHeadMapper' in your configuration.

[2021-01-13 15:08:43:504] [INFO] - Starting OrdermigratedbtoolApplication using Java 15.0.1 on DESKTOP-M1OD1AL with PID 36752 (D:\AL\Project\Java\WorkSpace\ordermigratedbtool\target\classes started by admin in D:\AL\Project\Java\WorkSpace)
[2021-01-13 15:08:43:509] [INFO] - No active profile set, falling back to default profiles: default
[2021-01-13 15:08:43:870] [WARN] - No MyBatis mapper was found in '[com.fancky.multipledatasource.dao.test]' package. Please check your configuration.
[2021-01-13 15:08:44:039] [INFO] - Tomcat initialized with port(s): 8101 (http)
[2021-01-13 15:08:44:044] [INFO] - Initializing ProtocolHandler ["http-nio-8101"]
[2021-01-13 15:08:44:044] [INFO] - Starting service [Tomcat]
[2021-01-13 15:08:44:044] [INFO] - Starting Servlet engine: [Apache Tomcat/9.0.39]
[2021-01-13 15:08:44:045] [INFO] - Loaded Apache Tomcat Native library [1.2.25] using APR version [1.7.0].
[2021-01-13 15:08:44:045] [INFO] - APR capabilities: IPv6 [true], sendfile [true], accept filters [false], random [true].
[2021-01-13 15:08:44:046] [INFO] - APR/OpenSSL configuration: useAprConnector [false], useOpenSSL [true]
[2021-01-13 15:08:44:048] [INFO] - OpenSSL successfully initialized [OpenSSL 1.1.1g  21 Apr 2020]
[2021-01-13 15:08:44:106] [INFO] - Initializing Spring embedded WebApplicationContext
[2021-01-13 15:08:44:106] [INFO] - Root WebApplicationContext: initialization completed in 575 ms
[2021-01-13 15:08:44:283] [WARN] - Exception encountered during context initialization - cancelling refresh attempt: org.springframework.beans.factory.UnsatisfiedDependencyException: Error creating bean with name 'userInfoController': Unsatisfied dependency expressed through field 'orderHeadService'; nested exception is org.springframework.beans.factory.UnsatisfiedDependencyException: Error creating bean with name 'orderHeadService': Unsatisfied dependency expressed through field 'orderHeadMapper'; nested exception is org.springframework.beans.factory.NoSuchBeanDefinitionException: No qualifying bean of type 'com.onlyedu.ordermigratedbtool.dao.mysql.OrderHeadMapper' available: expected at least 1 bean which qualifies as autowire candidate. Dependency annotations: {@org.springframework.beans.factory.annotation.Autowired(required=true)}
[2021-01-13 15:08:44:285] [INFO] - Stopping service [Tomcat]
[2021-01-13 15:08:44:304] [INFO] - 

Error starting ApplicationContext. To display the conditions report re-run your application with 'debug' enabled.
[2021-01-13 15:08:44:316] [ERROR] - 

***************************
APPLICATION FAILED TO START
***************************

Description:

Field orderHeadMapper in com.onlyedu.ordermigratedbtool.service.mysql.OrderHeadService required a bean of type 'com.onlyedu.ordermigratedbtool.dao.mysql.OrderHeadMapper' that could not be found.

The injection point has the following annotations:
	- @org.springframework.beans.factory.annotation.Autowired(required=true)


Action:

Consider defining a bean of type 'com.onlyedu.ordermigratedbtool.dao.mysql.OrderHeadMapper' in your configuration.

[2021-01-13 15:09:00:120] [INFO] - Starting OrdermigratedbtoolApplication using Java 15.0.1 on DESKTOP-M1OD1AL with PID 32608 (D:\AL\Project\Java\WorkSpace\ordermigratedbtool\target\classes started by admin in D:\AL\Project\Java\WorkSpace)
[2021-01-13 15:09:00:125] [INFO] - No active profile set, falling back to default profiles: default
[2021-01-13 15:09:00:490] [WARN] - No MyBatis mapper was found in '[com.fancky.multipledatasource.dao.test]' package. Please check your configuration.
[2021-01-13 15:09:00:658] [INFO] - Tomcat initialized with port(s): 8101 (http)
[2021-01-13 15:09:00:663] [INFO] - Initializing ProtocolHandler ["http-nio-8101"]
[2021-01-13 15:09:00:663] [INFO] - Starting service [Tomcat]
[2021-01-13 15:09:00:663] [INFO] - Starting Servlet engine: [Apache Tomcat/9.0.39]
[2021-01-13 15:09:00:664] [INFO] - Loaded Apache Tomcat Native library [1.2.25] using APR version [1.7.0].
[2021-01-13 15:09:00:664] [INFO] - APR capabilities: IPv6 [true], sendfile [true], accept filters [false], random [true].
[2021-01-13 15:09:00:665] [INFO] - APR/OpenSSL configuration: useAprConnector [false], useOpenSSL [true]
[2021-01-13 15:09:00:667] [INFO] - OpenSSL successfully initialized [OpenSSL 1.1.1g  21 Apr 2020]
[2021-01-13 15:09:00:726] [INFO] - Initializing Spring embedded WebApplicationContext
[2021-01-13 15:09:00:726] [INFO] - Root WebApplicationContext: initialization completed in 579 ms
[2021-01-13 15:09:00:901] [WARN] - Exception encountered during context initialization - cancelling refresh attempt: org.springframework.beans.factory.UnsatisfiedDependencyException: Error creating bean with name 'userInfoController': Unsatisfied dependency expressed through field 'orderHeadService'; nested exception is org.springframework.beans.factory.UnsatisfiedDependencyException: Error creating bean with name 'orderHeadService': Unsatisfied dependency expressed through field 'orderHeadMapper'; nested exception is org.springframework.beans.factory.NoSuchBeanDefinitionException: No qualifying bean of type 'com.onlyedu.ordermigratedbtool.dao.mysql.OrderHeadMapper' available: expected at least 1 bean which qualifies as autowire candidate. Dependency annotations: {@org.springframework.beans.factory.annotation.Autowired(required=true)}
[2021-01-13 15:09:00:903] [INFO] - Stopping service [Tomcat]
[2021-01-13 15:09:00:921] [INFO] - 

Error starting ApplicationContext. To display the conditions report re-run your application with 'debug' enabled.
[2021-01-13 15:09:00:933] [ERROR] - 

***************************
APPLICATION FAILED TO START
***************************

Description:

Field orderHeadMapper in com.onlyedu.ordermigratedbtool.service.mysql.OrderHeadService required a bean of type 'com.onlyedu.ordermigratedbtool.dao.mysql.OrderHeadMapper' that could not be found.

The injection point has the following annotations:
	- @org.springframework.beans.factory.annotation.Autowired(required=true)


Action:

Consider defining a bean of type 'com.onlyedu.ordermigratedbtool.dao.mysql.OrderHeadMapper' in your configuration.

[2021-01-13 15:24:41:341] [INFO] - Starting OrdermigratedbtoolApplication using Java 15.0.1 on DESKTOP-M1OD1AL with PID 29712 (D:\AL\Project\Java\WorkSpace\ordermigratedbtool\target\classes started by admin in D:\AL\Project\Java\WorkSpace)
[2021-01-13 15:24:41:346] [INFO] - No active profile set, falling back to default profiles: default
[2021-01-13 15:24:41:912] [INFO] - Tomcat initialized with port(s): 8101 (http)
[2021-01-13 15:24:41:917] [INFO] - Initializing ProtocolHandler ["http-nio-8101"]
[2021-01-13 15:24:41:917] [INFO] - Starting service [Tomcat]
[2021-01-13 15:24:41:917] [INFO] - Starting Servlet engine: [Apache Tomcat/9.0.39]
[2021-01-13 15:24:41:918] [INFO] - Loaded Apache Tomcat Native library [1.2.25] using APR version [1.7.0].
[2021-01-13 15:24:41:918] [INFO] - APR capabilities: IPv6 [true], sendfile [true], accept filters [false], random [true].
[2021-01-13 15:24:41:918] [INFO] - APR/OpenSSL configuration: useAprConnector [false], useOpenSSL [true]
[2021-01-13 15:24:41:920] [INFO] - OpenSSL successfully initialized [OpenSSL 1.1.1g  21 Apr 2020]
[2021-01-13 15:24:41:980] [INFO] - Initializing Spring embedded WebApplicationContext
[2021-01-13 15:24:41:980] [INFO] - Root WebApplicationContext: initialization completed in 612 ms
[2021-01-13 15:24:42:026] [WARN] - Exception encountered during context initialization - cancelling refresh attempt: org.springframework.beans.factory.UnsatisfiedDependencyException: Error creating bean with name 'userInfoController': Unsatisfied dependency expressed through field 'userInfoService'; nested exception is org.springframework.beans.factory.UnsatisfiedDependencyException: Error creating bean with name 'userInfoService': Unsatisfied dependency expressed through field 'userInfoMapper'; nested exception is org.springframework.beans.factory.UnsatisfiedDependencyException: Error creating bean with name 'userInfoMapper' defined in file [D:\AL\Project\Java\WorkSpace\ordermigratedbtool\target\classes\com\onlyedu\ordermigratedbtool\mapper\UserInfoMapper.class]: Unsatisfied dependency expressed through bean property 'sqlSessionFactory'; nested exception is org.springframework.beans.factory.UnsatisfiedDependencyException: Error creating bean with name 'sqlSessionFactory' defined in class path resource [org/mybatis/spring/boot/autoconfigure/MybatisAutoConfiguration.class]: Unsatisfied dependency expressed through method 'sqlSessionFactory' parameter 0; nested exception is org.springframework.beans.factory.BeanCreationException: Error creating bean with name 'dataSource' defined in class path resource [org/springframework/boot/autoconfigure/jdbc/DataSourceConfiguration$Hikari.class]: Bean instantiation via factory method failed; nested exception is org.springframework.beans.BeanInstantiationException: Failed to instantiate [com.zaxxer.hikari.HikariDataSource]: Factory method 'dataSource' threw exception; nested exception is org.springframework.boot.autoconfigure.jdbc.DataSourceProperties$DataSourceBeanCreationException: Failed to determine a suitable driver class
[2021-01-13 15:24:42:028] [INFO] - Stopping service [Tomcat]
[2021-01-13 15:24:42:094] [INFO] - 

Error starting ApplicationContext. To display the conditions report re-run your application with 'debug' enabled.
[2021-01-13 15:24:42:105] [ERROR] - 

***************************
APPLICATION FAILED TO START
***************************

Description:

Failed to configure a DataSource: 'url' attribute is not specified and no embedded datasource could be configured.

Reason: Failed to determine a suitable driver class


Action:

Consider the following:
	If you want an embedded database (H2, HSQL or Derby), please put it on the classpath.
	If you have database settings to be loaded from a particular profile you may need to activate it (no profiles are currently active).

[2021-01-13 15:27:16:715] [INFO] - Starting OrdermigratedbtoolApplication using Java 15.0.1 on DESKTOP-M1OD1AL with PID 31748 (D:\AL\Project\Java\WorkSpace\ordermigratedbtool\target\classes started by admin in D:\AL\Project\Java\WorkSpace)
[2021-01-13 15:27:16:719] [INFO] - No active profile set, falling back to default profiles: default
[2021-01-13 15:27:17:282] [INFO] - Tomcat initialized with port(s): 8101 (http)
[2021-01-13 15:27:17:287] [INFO] - Initializing ProtocolHandler ["http-nio-8101"]
[2021-01-13 15:27:17:287] [INFO] - Starting service [Tomcat]
[2021-01-13 15:27:17:288] [INFO] - Starting Servlet engine: [Apache Tomcat/9.0.39]
[2021-01-13 15:27:17:289] [INFO] - Loaded Apache Tomcat Native library [1.2.25] using APR version [1.7.0].
[2021-01-13 15:27:17:289] [INFO] - APR capabilities: IPv6 [true], sendfile [true], accept filters [false], random [true].
[2021-01-13 15:27:17:289] [INFO] - APR/OpenSSL configuration: useAprConnector [false], useOpenSSL [true]
[2021-01-13 15:27:17:291] [INFO] - OpenSSL successfully initialized [OpenSSL 1.1.1g  21 Apr 2020]
[2021-01-13 15:27:17:353] [INFO] - Initializing Spring embedded WebApplicationContext
[2021-01-13 15:27:17:353] [INFO] - Root WebApplicationContext: initialization completed in 611 ms
[2021-01-13 15:27:17:530] [WARN] - Exception encountered during context initialization - cancelling refresh attempt: org.springframework.beans.factory.UnsatisfiedDependencyException: Error creating bean with name 'userInfoController': Unsatisfied dependency expressed through field 'userInfoService'; nested exception is org.springframework.beans.factory.UnsatisfiedDependencyException: Error creating bean with name 'userInfoService': Unsatisfied dependency expressed through field 'userInfoMapper'; nested exception is org.springframework.beans.factory.UnsatisfiedDependencyException: Error creating bean with name 'userInfoMapper' defined in file [D:\AL\Project\Java\WorkSpace\ordermigratedbtool\target\classes\com\onlyedu\ordermigratedbtool\mapper\UserInfoMapper.class]: Unsatisfied dependency expressed through bean property 'sqlSessionFactory'; nested exception is org.springframework.beans.factory.BeanCreationException: Error creating bean with name 'sqlSessionFactory' defined in class path resource [org/mybatis/spring/boot/autoconfigure/MybatisAutoConfiguration.class]: Bean instantiation via factory method failed; nested exception is org.springframework.beans.BeanInstantiationException: Failed to instantiate [org.apache.ibatis.session.SqlSessionFactory]: Factory method 'sqlSessionFactory' threw exception; nested exception is org.springframework.core.NestedIOException: Failed to parse mapping resource: 'file [D:\AL\Project\Java\WorkSpace\ordermigratedbtool\target\classes\mapper\UserInfoMapper.xml]'; nested exception is org.apache.ibatis.builder.BuilderException: Error parsing Mapper XML. The XML location is 'file [D:\AL\Project\Java\WorkSpace\ordermigratedbtool\target\classes\mapper\UserInfoMapper.xml]'. Cause: org.apache.ibatis.builder.BuilderException: Error resolving class. Cause: org.apache.ibatis.type.TypeException: Could not resolve type alias 'com.onlyedu.ordermigratedbtool.model.entity'.  Cause: java.lang.ClassNotFoundException: Cannot find class: com.onlyedu.ordermigratedbtool.model.entity
[2021-01-13 15:27:17:533] [INFO] - Stopping service [Tomcat]
[2021-01-13 15:27:17:551] [INFO] - 

Error starting ApplicationContext. To display the conditions report re-run your application with 'debug' enabled.
[2021-01-13 15:29:00:897] [INFO] - Starting OrdermigratedbtoolApplication using Java 15.0.1 on DESKTOP-M1OD1AL with PID 7032 (D:\AL\Project\Java\WorkSpace\ordermigratedbtool\target\classes started by admin in D:\AL\Project\Java\WorkSpace)
[2021-01-13 15:29:00:902] [INFO] - No active profile set, falling back to default profiles: default
[2021-01-13 15:29:01:465] [INFO] - Tomcat initialized with port(s): 8101 (http)
[2021-01-13 15:29:01:471] [INFO] - Initializing ProtocolHandler ["http-nio-8101"]
[2021-01-13 15:29:01:471] [INFO] - Starting service [Tomcat]
[2021-01-13 15:29:01:471] [INFO] - Starting Servlet engine: [Apache Tomcat/9.0.39]
[2021-01-13 15:29:01:472] [INFO] - Loaded Apache Tomcat Native library [1.2.25] using APR version [1.7.0].
[2021-01-13 15:29:01:472] [INFO] - APR capabilities: IPv6 [true], sendfile [true], accept filters [false], random [true].
[2021-01-13 15:29:01:473] [INFO] - APR/OpenSSL configuration: useAprConnector [false], useOpenSSL [true]
[2021-01-13 15:29:01:475] [INFO] - OpenSSL successfully initialized [OpenSSL 1.1.1g  21 Apr 2020]
[2021-01-13 15:29:01:540] [INFO] - Initializing Spring embedded WebApplicationContext
[2021-01-13 15:29:01:540] [INFO] - Root WebApplicationContext: initialization completed in 616 ms
[2021-01-13 15:29:01:717] [WARN] - Exception encountered during context initialization - cancelling refresh attempt: org.springframework.beans.factory.UnsatisfiedDependencyException: Error creating bean with name 'userInfoController': Unsatisfied dependency expressed through field 'userInfoService'; nested exception is org.springframework.beans.factory.UnsatisfiedDependencyException: Error creating bean with name 'userInfoService': Unsatisfied dependency expressed through field 'userInfoMapper'; nested exception is org.springframework.beans.factory.UnsatisfiedDependencyException: Error creating bean with name 'userInfoMapper' defined in file [D:\AL\Project\Java\WorkSpace\ordermigratedbtool\target\classes\com\onlyedu\ordermigratedbtool\dao\UserInfoMapper.class]: Unsatisfied dependency expressed through bean property 'sqlSessionFactory'; nested exception is org.springframework.beans.factory.BeanCreationException: Error creating bean with name 'sqlSessionFactory' defined in class path resource [org/mybatis/spring/boot/autoconfigure/MybatisAutoConfiguration.class]: Bean instantiation via factory method failed; nested exception is org.springframework.beans.BeanInstantiationException: Failed to instantiate [org.apache.ibatis.session.SqlSessionFactory]: Factory method 'sqlSessionFactory' threw exception; nested exception is org.springframework.core.NestedIOException: Failed to parse mapping resource: 'file [D:\AL\Project\Java\WorkSpace\ordermigratedbtool\target\classes\mapper\UserInfoMapper.xml]'; nested exception is org.apache.ibatis.builder.BuilderException: Error parsing Mapper XML. The XML location is 'file [D:\AL\Project\Java\WorkSpace\ordermigratedbtool\target\classes\mapper\UserInfoMapper.xml]'. Cause: org.apache.ibatis.builder.BuilderException: Error resolving class. Cause: org.apache.ibatis.type.TypeException: Could not resolve type alias 'com.onlyedu.ordermigratedbtool.model.entity'.  Cause: java.lang.ClassNotFoundException: Cannot find class: com.onlyedu.ordermigratedbtool.model.entity
[2021-01-13 15:29:01:719] [INFO] - Stopping service [Tomcat]
[2021-01-13 15:29:01:738] [INFO] - 

Error starting ApplicationContext. To display the conditions report re-run your application with 'debug' enabled.
[2021-01-13 15:30:29:710] [INFO] - Starting OrdermigratedbtoolApplication using Java 15.0.1 on DESKTOP-M1OD1AL with PID 17888 (D:\AL\Project\Java\WorkSpace\ordermigratedbtool\target\classes started by admin in D:\AL\Project\Java\WorkSpace)
[2021-01-13 15:30:29:715] [INFO] - No active profile set, falling back to default profiles: default
[2021-01-13 15:30:30:293] [INFO] - Tomcat initialized with port(s): 8101 (http)
[2021-01-13 15:30:30:298] [INFO] - Initializing ProtocolHandler ["http-nio-8101"]
[2021-01-13 15:30:30:299] [INFO] - Starting service [Tomcat]
[2021-01-13 15:30:30:299] [INFO] - Starting Servlet engine: [Apache Tomcat/9.0.39]
[2021-01-13 15:30:30:300] [INFO] - Loaded Apache Tomcat Native library [1.2.25] using APR version [1.7.0].
[2021-01-13 15:30:30:300] [INFO] - APR capabilities: IPv6 [true], sendfile [true], accept filters [false], random [true].
[2021-01-13 15:30:30:300] [INFO] - APR/OpenSSL configuration: useAprConnector [false], useOpenSSL [true]
[2021-01-13 15:30:30:302] [INFO] - OpenSSL successfully initialized [OpenSSL 1.1.1g  21 Apr 2020]
[2021-01-13 15:30:30:362] [INFO] - Initializing Spring embedded WebApplicationContext
[2021-01-13 15:30:30:362] [INFO] - Root WebApplicationContext: initialization completed in 622 ms
[2021-01-13 15:30:30:621] [INFO] - Initializing ExecutorService 'applicationTaskExecutor'
[2021-01-13 15:30:30:735] [INFO] - Starting ProtocolHandler ["http-nio-8101"]
[2021-01-13 15:30:30:757] [INFO] - Tomcat started on port(s): 8101 (http) with context path ''
[2021-01-13 15:30:30:764] [INFO] - Started OrdermigratedbtoolApplication in 1.263 seconds (JVM running for 1.942)
[2021-01-13 15:31:26:826] [INFO] - A cookie header was received [1606200111,1606289912; CNZZDATA1254954809=140768412-1606097101-%7C1606379666; Hm_lvt_8d11e1abd4994140460b5bcf4dda25ff=1606300389,1606354124,1606704444,1606874831; ASP.NET_SessionId=bwtaersnmockx3uiidmkbzpg] that contained an invalid cookie. That cookie will be ignored.
 Note: further occurrences of this error will be logged at DEBUG level.
[2021-01-13 15:31:26:830] [INFO] - Initializing Spring DispatcherServlet 'dispatcherServlet'
[2021-01-13 15:31:26:830] [INFO] - Initializing Servlet 'dispatcherServlet'
[2021-01-13 15:31:26:831] [INFO] - Completed initialization in 1 ms
[2021-01-13 15:31:26:864] [INFO] - HikariPool-1 - Starting...
[2021-01-13 15:31:27:032] [WARN] - TLSv1 was negotiated. Please update server and client to use TLSv1.2 at minimum.
[2021-01-13 15:31:27:096] [INFO] - HikariPool-1 - Start completed.
[2021-01-13 15:31:27:250] [WARN] - TLSv1 was negotiated. Please update server and client to use TLSv1.2 at minimum.
[2021-01-13 15:31:27:314] [WARN] - TLSv1 was negotiated. Please update server and client to use TLSv1.2 at minimum.
[2021-01-13 15:31:27:370] [WARN] - TLSv1 was negotiated. Please update server and client to use TLSv1.2 at minimum.
[2021-01-13 15:31:27:431] [WARN] - TLSv1 was negotiated. Please update server and client to use TLSv1.2 at minimum.
[2021-01-13 15:31:31:517] [INFO] - Shutting down ExecutorService 'applicationTaskExecutor'
[2021-01-13 15:31:31:517] [INFO] - HikariPool-1 - Shutdown initiated...
[2021-01-13 15:31:31:518] [INFO] - HikariPool-1 - Shutdown completed.
[2021-01-13 15:33:38:858] [INFO] - Starting OrdermigratedbtoolApplication using Java 15.0.1 on DESKTOP-M1OD1AL with PID 30320 (D:\AL\Project\Java\AL.WorkSpace\ordermigratedbtool\target\classes started by admin in D:\AL\Project\Java\AL.WorkSpace)
[2021-01-13 15:33:38:863] [INFO] - No active profile set, falling back to default profiles: default
[2021-01-13 15:33:39:431] [INFO] - Tomcat initialized with port(s): 8101 (http)
[2021-01-13 15:33:39:437] [INFO] - Initializing ProtocolHandler ["http-nio-8101"]
[2021-01-13 15:33:39:437] [INFO] - Starting service [Tomcat]
[2021-01-13 15:33:39:437] [INFO] - Starting Servlet engine: [Apache Tomcat/9.0.39]
[2021-01-13 15:33:39:438] [INFO] - Loaded Apache Tomcat Native library [1.2.25] using APR version [1.7.0].
[2021-01-13 15:33:39:438] [INFO] - APR capabilities: IPv6 [true], sendfile [true], accept filters [false], random [true].
[2021-01-13 15:33:39:438] [INFO] - APR/OpenSSL configuration: useAprConnector [false], useOpenSSL [true]
[2021-01-13 15:33:39:441] [INFO] - OpenSSL successfully initialized [OpenSSL 1.1.1g  21 Apr 2020]
[2021-01-13 15:33:39:495] [INFO] - Initializing Spring embedded WebApplicationContext
[2021-01-13 15:33:39:496] [INFO] - Root WebApplicationContext: initialization completed in 611 ms
[2021-01-13 15:33:39:750] [INFO] - Initializing ExecutorService 'applicationTaskExecutor'
[2021-01-13 15:33:39:853] [INFO] - Starting ProtocolHandler ["http-nio-8101"]
[2021-01-13 15:33:39:866] [INFO] - Tomcat started on port(s): 8101 (http) with context path ''
[2021-01-13 15:33:39:873] [INFO] - Started OrdermigratedbtoolApplication in 1.224 seconds (JVM running for 1.894)
[2021-01-13 15:33:43:118] [INFO] - Shutting down ExecutorService 'applicationTaskExecutor'
