[2021-01-12 09:41:03:072] [INFO] - Starting OrdermigratedbtoolApplication using Java 15.0.1 on DESKTOP-M1OD1AL with PID 35588 (D:\AL\Project\Java\WorkSpace\ordermigratedbtool\target\classes started by admin in D:\AL\Project\Java\WorkSpace)
[2021-01-12 09:41:03:077] [INFO] - No active profile set, falling back to default profiles: default
[2021-01-12 09:41:03:490] [WARN] - No MyBatis mapper was found in '[com.fancky.multipledatasource.dao.test]' package. Please check your configuration.
[2021-01-12 09:41:03:490] [WARN] - No MyBatis mapper was found in '[com.fancky.multipledatasource.dao.demo]' package. Please check your configuration.
[2021-01-12 09:41:03:693] [INFO] - Tomcat initialized with port(s): 8101 (http)
[2021-01-12 09:41:03:699] [INFO] - Initializing ProtocolHandler ["http-nio-8101"]
[2021-01-12 09:41:03:700] [INFO] - Starting service [Tomcat]
[2021-01-12 09:41:03:700] [INFO] - Starting Servlet engine: [Apache Tomcat/9.0.39]
[2021-01-12 09:41:03:701] [INFO] - Loaded Apache Tomcat Native library [1.2.25] using APR version [1.7.0].
[2021-01-12 09:41:03:701] [INFO] - APR capabilities: IPv6 [true], sendfile [true], accept filters [false], random [true].
[2021-01-12 09:41:03:701] [INFO] - APR/OpenSSL configuration: useAprConnector [false], useOpenSSL [true]
[2021-01-12 09:41:03:704] [INFO] - OpenSSL successfully initialized [OpenSSL 1.1.1g  21 Apr 2020]
[2021-01-12 09:41:03:751] [INFO] - Initializing Spring embedded WebApplicationContext
[2021-01-12 09:41:03:751] [INFO] - Root WebApplicationContext: initialization completed in 635 ms
[2021-01-12 09:41:03:855] [WARN] - Property 'mapperLocations' was specified but matching resources are not found.
[2021-01-12 09:41:03:867] [WARN] - Property 'mapperLocations' was specified but matching resources are not found.
[2021-01-12 09:41:03:931] [INFO] - Initializing ExecutorService 'applicationTaskExecutor'
[2021-01-12 09:41:04:022] [INFO] - Starting ProtocolHandler ["http-nio-8101"]
[2021-01-12 09:41:04:037] [INFO] - Tomcat started on port(s): 8101 (http) with context path ''
[2021-01-12 09:41:04:044] [INFO] - Started OrdermigratedbtoolApplication in 1.22 seconds (JVM running for 2.01)
[2021-01-12 09:53:03:950] [INFO] - Shutting down ExecutorService 'applicationTaskExecutor'
[2021-01-12 09:55:37:904] [INFO] - Starting OrdermigratedbtoolApplication using Java 15.0.1 on DESKTOP-M1OD1AL with PID 38316 (D:\AL\Project\Java\WorkSpace\ordermigratedbtool\target\classes started by admin in D:\AL\Project\Java\WorkSpace)
[2021-01-12 09:55:37:908] [INFO] - No active profile set, falling back to default profiles: default
[2021-01-12 09:55:38:258] [WARN] - No MyBatis mapper was found in '[com.fancky.multipledatasource.dao.test]' package. Please check your configuration.
[2021-01-12 09:55:38:258] [WARN] - No MyBatis mapper was found in '[com.fancky.multipledatasource.dao.demo]' package. Please check your configuration.
[2021-01-12 09:55:38:428] [INFO] - Tomcat initialized with port(s): 8101 (http)
[2021-01-12 09:55:38:433] [INFO] - Initializing ProtocolHandler ["http-nio-8101"]
[2021-01-12 09:55:38:433] [INFO] - Starting service [Tomcat]
[2021-01-12 09:55:38:433] [INFO] - Starting Servlet engine: [Apache Tomcat/9.0.39]
[2021-01-12 09:55:38:434] [INFO] - Loaded Apache Tomcat Native library [1.2.25] using APR version [1.7.0].
[2021-01-12 09:55:38:434] [INFO] - APR capabilities: IPv6 [true], sendfile [true], accept filters [false], random [true].
[2021-01-12 09:55:38:434] [INFO] - APR/OpenSSL configuration: useAprConnector [false], useOpenSSL [true]
[2021-01-12 09:55:38:436] [INFO] - OpenSSL successfully initialized [OpenSSL 1.1.1g  21 Apr 2020]
[2021-01-12 09:55:38:493] [INFO] - Initializing Spring embedded WebApplicationContext
[2021-01-12 09:55:38:493] [INFO] - Root WebApplicationContext: initialization completed in 563 ms
[2021-01-12 09:55:38:586] [WARN] - Property 'mapperLocations' was specified but matching resources are not found.
[2021-01-12 09:55:38:598] [WARN] - Property 'mapperLocations' was specified but matching resources are not found.
[2021-01-12 09:55:38:660] [INFO] - Initializing ExecutorService 'applicationTaskExecutor'
[2021-01-12 09:55:38:742] [INFO] - Starting ProtocolHandler ["http-nio-8101"]
[2021-01-12 09:55:38:758] [INFO] - Tomcat started on port(s): 8101 (http) with context path ''
[2021-01-12 09:55:38:766] [INFO] - Started OrdermigratedbtoolApplication in 1.073 seconds (JVM running for 1.757)
[2021-01-12 09:55:44:724] [INFO] - Shutting down ExecutorService 'applicationTaskExecutor'
[2021-01-12 10:53:11:729] [INFO] - Starting OrdermigratedbtoolApplication using Java 15.0.1 on DESKTOP-M1OD1AL with PID 35408 (D:\AL\Project\Java\WorkSpace\ordermigratedbtool\target\classes started by admin in D:\AL\Project\Java\WorkSpace)
[2021-01-12 10:53:11:734] [INFO] - No active profile set, falling back to default profiles: default
[2021-01-12 10:53:12:094] [WARN] - No MyBatis mapper was found in '[com.fancky.multipledatasource.dao.test]' package. Please check your configuration.
[2021-01-12 10:53:12:265] [INFO] - Tomcat initialized with port(s): 8101 (http)
[2021-01-12 10:53:12:282] [INFO] - Initializing ProtocolHandler ["http-nio-8101"]
[2021-01-12 10:53:12:282] [INFO] - Starting service [Tomcat]
[2021-01-12 10:53:12:282] [INFO] - Starting Servlet engine: [Apache Tomcat/9.0.39]
[2021-01-12 10:53:12:283] [INFO] - Loaded Apache Tomcat Native library [1.2.25] using APR version [1.7.0].
[2021-01-12 10:53:12:283] [INFO] - APR capabilities: IPv6 [true], sendfile [true], accept filters [false], random [true].
[2021-01-12 10:53:12:284] [INFO] - APR/OpenSSL configuration: useAprConnector [false], useOpenSSL [true]
[2021-01-12 10:53:12:286] [INFO] - OpenSSL successfully initialized [OpenSSL 1.1.1g  21 Apr 2020]
[2021-01-12 10:53:12:329] [INFO] - Initializing Spring embedded WebApplicationContext
[2021-01-12 10:53:12:329] [INFO] - Root WebApplicationContext: initialization completed in 572 ms
[2021-01-12 10:53:12:485] [WARN] - Property 'mapperLocations' was specified but matching resources are not found.
[2021-01-12 10:53:12:547] [INFO] - Initializing ExecutorService 'applicationTaskExecutor'
[2021-01-12 10:53:12:635] [INFO] - Starting ProtocolHandler ["http-nio-8101"]
[2021-01-12 10:53:12:647] [INFO] - Tomcat started on port(s): 8101 (http) with context path ''
[2021-01-12 10:53:12:655] [INFO] - Started OrdermigratedbtoolApplication in 1.157 seconds (JVM running for 1.791)
[2021-01-12 10:55:33:116] [INFO] - Initializing Spring DispatcherServlet 'dispatcherServlet'
[2021-01-12 10:55:33:116] [INFO] - Initializing Servlet 'dispatcherServlet'
[2021-01-12 10:55:33:117] [INFO] - Completed initialization in 1 ms
[2021-01-12 10:55:38:456] [WARN] - HikariPool-1 - maxLifetime is less than 30000ms, setting to default 1800000ms.
[2021-01-12 10:55:38:460] [INFO] - HikariPool-1 - Starting...
[2021-01-12 10:55:39:106] [INFO] - HikariPool-1 - Start completed.
[2021-01-12 10:56:38:732] [INFO] - Shutting down ExecutorService 'applicationTaskExecutor'
[2021-01-12 10:56:38:732] [INFO] - HikariPool-1 - Shutdown initiated...
[2021-01-12 10:56:38:738] [INFO] - HikariPool-1 - Shutdown completed.
[2021-01-12 10:56:50:671] [INFO] - Starting OrdermigratedbtoolApplication using Java 15.0.1 on DESKTOP-M1OD1AL with PID 13788 (D:\AL\Project\Java\WorkSpace\ordermigratedbtool\target\classes started by admin in D:\AL\Project\Java\WorkSpace)
[2021-01-12 10:56:50:676] [INFO] - No active profile set, falling back to default profiles: default
[2021-01-12 10:56:51:032] [WARN] - No MyBatis mapper was found in '[com.fancky.multipledatasource.dao.test]' package. Please check your configuration.
[2021-01-12 10:56:51:204] [INFO] - Tomcat initialized with port(s): 8101 (http)
[2021-01-12 10:56:51:210] [INFO] - Initializing ProtocolHandler ["http-nio-8101"]
[2021-01-12 10:56:51:210] [INFO] - Starting service [Tomcat]
[2021-01-12 10:56:51:210] [INFO] - Starting Servlet engine: [Apache Tomcat/9.0.39]
[2021-01-12 10:56:51:211] [INFO] - Loaded Apache Tomcat Native library [1.2.25] using APR version [1.7.0].
[2021-01-12 10:56:51:211] [INFO] - APR capabilities: IPv6 [true], sendfile [true], accept filters [false], random [true].
[2021-01-12 10:56:51:211] [INFO] - APR/OpenSSL configuration: useAprConnector [false], useOpenSSL [true]
[2021-01-12 10:56:51:213] [INFO] - OpenSSL successfully initialized [OpenSSL 1.1.1g  21 Apr 2020]
[2021-01-12 10:56:51:275] [INFO] - Initializing Spring embedded WebApplicationContext
[2021-01-12 10:56:51:276] [INFO] - Root WebApplicationContext: initialization completed in 578 ms
[2021-01-12 10:56:51:422] [WARN] - Property 'mapperLocations' was specified but matching resources are not found.
[2021-01-12 10:56:51:483] [INFO] - Initializing ExecutorService 'applicationTaskExecutor'
[2021-01-12 10:56:51:571] [INFO] - Starting ProtocolHandler ["http-nio-8101"]
[2021-01-12 10:56:51:590] [INFO] - Tomcat started on port(s): 8101 (http) with context path ''
[2021-01-12 10:56:51:597] [INFO] - Started OrdermigratedbtoolApplication in 1.132 seconds (JVM running for 1.846)
[2021-01-12 10:56:55:054] [INFO] - Initializing Spring DispatcherServlet 'dispatcherServlet'
[2021-01-12 10:56:55:054] [INFO] - Initializing Servlet 'dispatcherServlet'
[2021-01-12 10:56:55:055] [INFO] - Completed initialization in 1 ms
[2021-01-12 10:56:57:541] [WARN] - HikariPool-1 - maxLifetime is less than 30000ms, setting to default 1800000ms.
[2021-01-12 10:56:57:544] [INFO] - HikariPool-1 - Starting...
[2021-01-12 10:56:57:784] [INFO] - HikariPool-1 - Start completed.
[2021-01-12 10:57:19:306] [INFO] - Shutting down ExecutorService 'applicationTaskExecutor'
[2021-01-12 10:57:19:306] [INFO] - HikariPool-1 - Shutdown initiated...
[2021-01-12 10:57:25:098] [INFO] - Starting OrdermigratedbtoolApplication using Java 15.0.1 on DESKTOP-M1OD1AL with PID 10620 (D:\AL\Project\Java\WorkSpace\ordermigratedbtool\target\classes started by admin in D:\AL\Project\Java\WorkSpace)
[2021-01-12 10:57:25:103] [INFO] - No active profile set, falling back to default profiles: default
[2021-01-12 10:57:25:462] [WARN] - No MyBatis mapper was found in '[com.fancky.multipledatasource.dao.test]' package. Please check your configuration.
[2021-01-12 10:57:25:631] [INFO] - Tomcat initialized with port(s): 8101 (http)
[2021-01-12 10:57:25:637] [INFO] - Initializing ProtocolHandler ["http-nio-8101"]
[2021-01-12 10:57:25:637] [INFO] - Starting service [Tomcat]
[2021-01-12 10:57:25:637] [INFO] - Starting Servlet engine: [Apache Tomcat/9.0.39]
[2021-01-12 10:57:25:638] [INFO] - Loaded Apache Tomcat Native library [1.2.25] using APR version [1.7.0].
[2021-01-12 10:57:25:638] [INFO] - APR capabilities: IPv6 [true], sendfile [true], accept filters [false], random [true].
[2021-01-12 10:57:25:638] [INFO] - APR/OpenSSL configuration: useAprConnector [false], useOpenSSL [true]
[2021-01-12 10:57:25:640] [INFO] - OpenSSL successfully initialized [OpenSSL 1.1.1g  21 Apr 2020]
[2021-01-12 10:57:25:696] [INFO] - Initializing Spring embedded WebApplicationContext
[2021-01-12 10:57:25:696] [INFO] - Root WebApplicationContext: initialization completed in 571 ms
[2021-01-12 10:57:25:845] [WARN] - Property 'mapperLocations' was specified but matching resources are not found.
[2021-01-12 10:57:25:909] [INFO] - Initializing ExecutorService 'applicationTaskExecutor'
[2021-01-12 10:57:25:994] [INFO] - Starting ProtocolHandler ["http-nio-8101"]
[2021-01-12 10:57:26:014] [INFO] - Tomcat started on port(s): 8101 (http) with context path ''
[2021-01-12 10:57:26:022] [INFO] - Started OrdermigratedbtoolApplication in 1.139 seconds (JVM running for 1.841)
[2021-01-12 10:57:26:199] [INFO] - Initializing Spring DispatcherServlet 'dispatcherServlet'
[2021-01-12 10:57:26:199] [INFO] - Initializing Servlet 'dispatcherServlet'
[2021-01-12 10:57:26:200] [INFO] - Completed initialization in 1 ms
[2021-01-12 10:57:29:411] [WARN] - HikariPool-1 - maxLifetime is less than 30000ms, setting to default 1800000ms.
[2021-01-12 10:57:29:432] [INFO] - HikariPool-1 - Starting...
[2021-01-12 10:57:32:392] [INFO] - HikariPool-1 - Start completed.
[2021-01-12 10:58:24:343] [INFO] - Shutting down ExecutorService 'applicationTaskExecutor'
[2021-01-12 10:58:24:344] [INFO] - HikariPool-1 - Shutdown initiated...
[2021-01-12 10:58:24:349] [INFO] - HikariPool-1 - Shutdown completed.
[2021-01-12 11:01:55:050] [INFO] - Starting OrdermigratedbtoolApplication using Java 15.0.1 on DESKTOP-M1OD1AL with PID 16996 (D:\AL\Project\Java\WorkSpace\ordermigratedbtool\target\classes started by admin in D:\AL\Project\Java\WorkSpace)
[2021-01-12 11:01:55:054] [INFO] - No active profile set, falling back to default profiles: default
[2021-01-12 11:01:55:416] [WARN] - No MyBatis mapper was found in '[com.fancky.multipledatasource.dao.test]' package. Please check your configuration.
[2021-01-12 11:01:55:598] [INFO] - Tomcat initialized with port(s): 8101 (http)
[2021-01-12 11:01:55:603] [INFO] - Initializing ProtocolHandler ["http-nio-8101"]
[2021-01-12 11:01:55:604] [INFO] - Starting service [Tomcat]
[2021-01-12 11:01:55:604] [INFO] - Starting Servlet engine: [Apache Tomcat/9.0.39]
[2021-01-12 11:01:55:605] [INFO] - Loaded Apache Tomcat Native library [1.2.25] using APR version [1.7.0].
[2021-01-12 11:01:55:605] [INFO] - APR capabilities: IPv6 [true], sendfile [true], accept filters [false], random [true].
[2021-01-12 11:01:55:605] [INFO] - APR/OpenSSL configuration: useAprConnector [false], useOpenSSL [true]
[2021-01-12 11:01:55:607] [INFO] - OpenSSL successfully initialized [OpenSSL 1.1.1g  21 Apr 2020]
[2021-01-12 11:01:55:671] [INFO] - Initializing Spring embedded WebApplicationContext
[2021-01-12 11:01:55:671] [INFO] - Root WebApplicationContext: initialization completed in 595 ms
[2021-01-12 11:01:55:866] [WARN] - Property 'mapperLocations' was specified but matching resources are not found.
[2021-01-12 11:01:55:935] [INFO] - Initializing ExecutorService 'applicationTaskExecutor'
[2021-01-12 11:01:56:020] [INFO] - Starting ProtocolHandler ["http-nio-8101"]
[2021-01-12 11:01:56:038] [INFO] - Tomcat started on port(s): 8101 (http) with context path ''
[2021-01-12 11:01:56:046] [INFO] - Started OrdermigratedbtoolApplication in 1.195 seconds (JVM running for 1.908)
[2021-01-12 11:02:20:554] [INFO] - Shutting down ExecutorService 'applicationTaskExecutor'
[2021-01-12 11:02:23:629] [INFO] - Starting OrdermigratedbtoolApplication using Java 15.0.1 on DESKTOP-M1OD1AL with PID 25784 (D:\AL\Project\Java\WorkSpace\ordermigratedbtool\target\classes started by admin in D:\AL\Project\Java\WorkSpace)
[2021-01-12 11:02:23:633] [INFO] - No active profile set, falling back to default profiles: default
[2021-01-12 11:02:23:991] [WARN] - No MyBatis mapper was found in '[com.fancky.multipledatasource.dao.test]' package. Please check your configuration.
[2021-01-12 11:02:24:162] [INFO] - Tomcat initialized with port(s): 8101 (http)
[2021-01-12 11:02:24:166] [INFO] - Initializing ProtocolHandler ["http-nio-8101"]
[2021-01-12 11:02:24:166] [INFO] - Starting service [Tomcat]
[2021-01-12 11:02:24:166] [INFO] - Starting Servlet engine: [Apache Tomcat/9.0.39]
[2021-01-12 11:02:24:167] [INFO] - Loaded Apache Tomcat Native library [1.2.25] using APR version [1.7.0].
[2021-01-12 11:02:24:168] [INFO] - APR capabilities: IPv6 [true], sendfile [true], accept filters [false], random [true].
[2021-01-12 11:02:24:168] [INFO] - APR/OpenSSL configuration: useAprConnector [false], useOpenSSL [true]
[2021-01-12 11:02:24:170] [INFO] - OpenSSL successfully initialized [OpenSSL 1.1.1g  21 Apr 2020]
[2021-01-12 11:02:24:228] [INFO] - Initializing Spring embedded WebApplicationContext
[2021-01-12 11:02:24:229] [INFO] - Root WebApplicationContext: initialization completed in 572 ms
[2021-01-12 11:02:24:419] [WARN] - Property 'mapperLocations' was specified but matching resources are not found.
[2021-01-12 11:02:24:481] [INFO] - Initializing ExecutorService 'applicationTaskExecutor'
[2021-01-12 11:02:24:569] [INFO] - Starting ProtocolHandler ["http-nio-8101"]
[2021-01-12 11:02:24:582] [INFO] - Tomcat started on port(s): 8101 (http) with context path ''
[2021-01-12 11:02:24:590] [INFO] - Started OrdermigratedbtoolApplication in 1.171 seconds (JVM running for 1.905)
[2021-01-12 11:03:02:160] [INFO] - Initializing Spring DispatcherServlet 'dispatcherServlet'
[2021-01-12 11:03:02:160] [INFO] - Initializing Servlet 'dispatcherServlet'
[2021-01-12 11:03:02:161] [INFO] - Completed initialization in 1 ms
[2021-01-12 11:03:04:100] [INFO] - HikariPool-1 - Starting...
[2021-01-12 11:03:06:455] [WARN] - TLSv1 was negotiated. Please update server and client to use TLSv1.2 at minimum.
[2021-01-12 11:03:07:590] [ERROR] - HikariPool-1 - Exception during pool initialization.
com.microsoft.sqlserver.jdbc.SQLServerException: 无法打开登录所请求的数据库 "WMS"。登录失败。 ClientConnectionId:30845fec-c24a-4967-99ce-0011885afd2c
	at com.microsoft.sqlserver.jdbc.SQLServerException.makeFromDatabaseError(SQLServerException.java:262) ~[mssql-jdbc-8.4.1.jre8.jar:?]
	at com.microsoft.sqlserver.jdbc.TDSTokenHandler.onEOF(tdsparser.java:283) ~[mssql-jdbc-8.4.1.jre8.jar:?]
	at com.microsoft.sqlserver.jdbc.TDSParser.parse(tdsparser.java:129) ~[mssql-jdbc-8.4.1.jre8.jar:?]
	at com.microsoft.sqlserver.jdbc.TDSParser.parse(tdsparser.java:37) ~[mssql-jdbc-8.4.1.jre8.jar:?]
	at com.microsoft.sqlserver.jdbc.SQLServerConnection.sendLogon(SQLServerConnection.java:5233) ~[mssql-jdbc-8.4.1.jre8.jar:?]
	at com.microsoft.sqlserver.jdbc.SQLServerConnection.logon(SQLServerConnection.java:3988) ~[mssql-jdbc-8.4.1.jre8.jar:?]
	at com.microsoft.sqlserver.jdbc.SQLServerConnection.access$000(SQLServerConnection.java:85) ~[mssql-jdbc-8.4.1.jre8.jar:?]
	at com.microsoft.sqlserver.jdbc.SQLServerConnection$LogonCommand.doExecute(SQLServerConnection.java:3932) ~[mssql-jdbc-8.4.1.jre8.jar:?]
	at com.microsoft.sqlserver.jdbc.TDSCommand.execute(IOBuffer.java:7375) ~[mssql-jdbc-8.4.1.jre8.jar:?]
	at com.microsoft.sqlserver.jdbc.SQLServerConnection.executeCommand(SQLServerConnection.java:3206) ~[mssql-jdbc-8.4.1.jre8.jar:?]
	at com.microsoft.sqlserver.jdbc.SQLServerConnection.connectHelper(SQLServerConnection.java:2713) ~[mssql-jdbc-8.4.1.jre8.jar:?]
	at com.microsoft.sqlserver.jdbc.SQLServerConnection.login(SQLServerConnection.java:2362) ~[mssql-jdbc-8.4.1.jre8.jar:?]
	at com.microsoft.sqlserver.jdbc.SQLServerConnection.connectInternal(SQLServerConnection.java:2213) ~[mssql-jdbc-8.4.1.jre8.jar:?]
	at com.microsoft.sqlserver.jdbc.SQLServerConnection.connect(SQLServerConnection.java:1276) ~[mssql-jdbc-8.4.1.jre8.jar:?]
	at com.microsoft.sqlserver.jdbc.SQLServerDriver.connect(SQLServerDriver.java:861) ~[mssql-jdbc-8.4.1.jre8.jar:?]
	at com.zaxxer.hikari.util.DriverDataSource.getConnection(DriverDataSource.java:138) ~[HikariCP-3.4.5.jar:?]
	at com.zaxxer.hikari.pool.PoolBase.newConnection(PoolBase.java:358) ~[HikariCP-3.4.5.jar:?]
	at com.zaxxer.hikari.pool.PoolBase.newPoolEntry(PoolBase.java:206) ~[HikariCP-3.4.5.jar:?]
	at com.zaxxer.hikari.pool.HikariPool.createPoolEntry(HikariPool.java:477) ~[HikariCP-3.4.5.jar:?]
	at com.zaxxer.hikari.pool.HikariPool.checkFailFast(HikariPool.java:560) ~[HikariCP-3.4.5.jar:?]
	at com.zaxxer.hikari.pool.HikariPool.<init>(HikariPool.java:115) ~[HikariCP-3.4.5.jar:?]
	at com.zaxxer.hikari.HikariDataSource.getConnection(HikariDataSource.java:112) ~[HikariCP-3.4.5.jar:?]
	at org.springframework.jdbc.datasource.DataSourceUtils.fetchConnection(DataSourceUtils.java:158) ~[spring-jdbc-5.3.1.jar:5.3.1]
	at org.springframework.jdbc.datasource.DataSourceUtils.doGetConnection(DataSourceUtils.java:116) ~[spring-jdbc-5.3.1.jar:5.3.1]
	at org.springframework.jdbc.datasource.DataSourceUtils.getConnection(DataSourceUtils.java:79) ~[spring-jdbc-5.3.1.jar:5.3.1]
	at org.mybatis.spring.transaction.SpringManagedTransaction.openConnection(SpringManagedTransaction.java:80) ~[mybatis-spring-2.0.6.jar:2.0.6]
	at org.mybatis.spring.transaction.SpringManagedTransaction.getConnection(SpringManagedTransaction.java:67) ~[mybatis-spring-2.0.6.jar:2.0.6]
	at org.apache.ibatis.executor.BaseExecutor.getConnection(BaseExecutor.java:337) ~[mybatis-3.5.6.jar:3.5.6]
	at org.apache.ibatis.executor.SimpleExecutor.prepareStatement(SimpleExecutor.java:86) ~[mybatis-3.5.6.jar:3.5.6]
	at org.apache.ibatis.executor.SimpleExecutor.doQuery(SimpleExecutor.java:62) ~[mybatis-3.5.6.jar:3.5.6]
	at org.apache.ibatis.executor.BaseExecutor.queryFromDatabase(BaseExecutor.java:325) ~[mybatis-3.5.6.jar:3.5.6]
	at org.apache.ibatis.executor.BaseExecutor.query(BaseExecutor.java:156) ~[mybatis-3.5.6.jar:3.5.6]
	at org.apache.ibatis.executor.CachingExecutor.query(CachingExecutor.java:109) ~[mybatis-3.5.6.jar:3.5.6]
	at org.apache.ibatis.executor.CachingExecutor.query(CachingExecutor.java:89) ~[mybatis-3.5.6.jar:3.5.6]
	at org.apache.ibatis.session.defaults.DefaultSqlSession.selectList(DefaultSqlSession.java:147) ~[mybatis-3.5.6.jar:3.5.6]
	at org.apache.ibatis.session.defaults.DefaultSqlSession.selectList(DefaultSqlSession.java:140) ~[mybatis-3.5.6.jar:3.5.6]
	at org.apache.ibatis.session.defaults.DefaultSqlSession.selectOne(DefaultSqlSession.java:76) ~[mybatis-3.5.6.jar:3.5.6]
	at jdk.internal.reflect.NativeMethodAccessorImpl.invoke0(Native Method) ~[?:?]
	at jdk.internal.reflect.NativeMethodAccessorImpl.invoke(NativeMethodAccessorImpl.java:64) ~[?:?]
	at jdk.internal.reflect.DelegatingMethodAccessorImpl.invoke(DelegatingMethodAccessorImpl.java:43) ~[?:?]
	at java.lang.reflect.Method.invoke(Method.java:564) ~[?:?]
	at org.mybatis.spring.SqlSessionTemplate$SqlSessionInterceptor.invoke(SqlSessionTemplate.java:427) ~[mybatis-spring-2.0.6.jar:2.0.6]
	at com.sun.proxy.$Proxy66.selectOne(Unknown Source) ~[?:?]
	at org.mybatis.spring.SqlSessionTemplate.selectOne(SqlSessionTemplate.java:160) ~[mybatis-spring-2.0.6.jar:2.0.6]
	at org.apache.ibatis.binding.MapperMethod.execute(MapperMethod.java:87) ~[mybatis-3.5.6.jar:3.5.6]
	at org.apache.ibatis.binding.MapperProxy$PlainMethodInvoker.invoke(MapperProxy.java:152) ~[mybatis-3.5.6.jar:3.5.6]
	at org.apache.ibatis.binding.MapperProxy.invoke(MapperProxy.java:85) ~[mybatis-3.5.6.jar:3.5.6]
	at com.sun.proxy.$Proxy67.getUserWithOrder(Unknown Source) ~[?:?]
	at com.onlyedu.ordermigratedbtool.service.UserInfoService.getUserWithOrder(UserInfoService.java:18) ~[classes/:?]
	at com.onlyedu.ordermigratedbtool.controller.UserInfoController.getUserWithOrder(UserInfoController.java:23) ~[classes/:?]
	at jdk.internal.reflect.NativeMethodAccessorImpl.invoke0(Native Method) ~[?:?]
	at jdk.internal.reflect.NativeMethodAccessorImpl.invoke(NativeMethodAccessorImpl.java:64) ~[?:?]
	at jdk.internal.reflect.DelegatingMethodAccessorImpl.invoke(DelegatingMethodAccessorImpl.java:43) ~[?:?]
	at java.lang.reflect.Method.invoke(Method.java:564) ~[?:?]
	at org.springframework.web.method.support.InvocableHandlerMethod.doInvoke(InvocableHandlerMethod.java:197) ~[spring-web-5.3.1.jar:5.3.1]
	at org.springframework.web.method.support.InvocableHandlerMethod.invokeForRequest(InvocableHandlerMethod.java:141) ~[spring-web-5.3.1.jar:5.3.1]
	at org.springframework.web.servlet.mvc.method.annotation.ServletInvocableHandlerMethod.invokeAndHandle(ServletInvocableHandlerMethod.java:106) ~[spring-webmvc-5.3.1.jar:5.3.1]
	at org.springframework.web.servlet.mvc.method.annotation.RequestMappingHandlerAdapter.invokeHandlerMethod(RequestMappingHandlerAdapter.java:893) ~[spring-webmvc-5.3.1.jar:5.3.1]
	at org.springframework.web.servlet.mvc.method.annotation.RequestMappingHandlerAdapter.handleInternal(RequestMappingHandlerAdapter.java:807) ~[spring-webmvc-5.3.1.jar:5.3.1]
	at org.springframework.web.servlet.mvc.method.AbstractHandlerMethodAdapter.handle(AbstractHandlerMethodAdapter.java:87) ~[spring-webmvc-5.3.1.jar:5.3.1]
	at org.springframework.web.servlet.DispatcherServlet.doDispatch(DispatcherServlet.java:1061) ~[spring-webmvc-5.3.1.jar:5.3.1]
	at org.springframework.web.servlet.DispatcherServlet.doService(DispatcherServlet.java:961) ~[spring-webmvc-5.3.1.jar:5.3.1]
	at org.springframework.web.servlet.FrameworkServlet.processRequest(FrameworkServlet.java:1006) ~[spring-webmvc-5.3.1.jar:5.3.1]
	at org.springframework.web.servlet.FrameworkServlet.doGet(FrameworkServlet.java:898) ~[spring-webmvc-5.3.1.jar:5.3.1]
	at javax.servlet.http.HttpServlet.service(HttpServlet.java:626) ~[tomcat-embed-core-9.0.39.jar:4.0.FR]
	at org.springframework.web.servlet.FrameworkServlet.service(FrameworkServlet.java:883) ~[spring-webmvc-5.3.1.jar:5.3.1]
	at javax.servlet.http.HttpServlet.service(HttpServlet.java:733) ~[tomcat-embed-core-9.0.39.jar:4.0.FR]
	at org.apache.catalina.core.ApplicationFilterChain.internalDoFilter(ApplicationFilterChain.java:231) ~[tomcat-embed-core-9.0.39.jar:9.0.39]
	at org.apache.catalina.core.ApplicationFilterChain.doFilter(ApplicationFilterChain.java:166) ~[tomcat-embed-core-9.0.39.jar:9.0.39]
	at org.apache.tomcat.websocket.server.WsFilter.doFilter(WsFilter.java:53) ~[tomcat-embed-websocket-9.0.39.jar:9.0.39]
	at org.apache.catalina.core.ApplicationFilterChain.internalDoFilter(ApplicationFilterChain.java:193) ~[tomcat-embed-core-9.0.39.jar:9.0.39]
	at org.apache.catalina.core.ApplicationFilterChain.doFilter(ApplicationFilterChain.java:166) ~[tomcat-embed-core-9.0.39.jar:9.0.39]
	at org.springframework.web.filter.RequestContextFilter.doFilterInternal(RequestContextFilter.java:100) ~[spring-web-5.3.1.jar:5.3.1]
	at org.springframework.web.filter.OncePerRequestFilter.doFilter(OncePerRequestFilter.java:119) ~[spring-web-5.3.1.jar:5.3.1]
	at org.apache.catalina.core.ApplicationFilterChain.internalDoFilter(ApplicationFilterChain.java:193) ~[tomcat-embed-core-9.0.39.jar:9.0.39]
	at org.apache.catalina.core.ApplicationFilterChain.doFilter(ApplicationFilterChain.java:166) ~[tomcat-embed-core-9.0.39.jar:9.0.39]
	at org.springframework.web.filter.FormContentFilter.doFilterInternal(FormContentFilter.java:93) ~[spring-web-5.3.1.jar:5.3.1]
	at org.springframework.web.filter.OncePerRequestFilter.doFilter(OncePerRequestFilter.java:119) ~[spring-web-5.3.1.jar:5.3.1]
	at org.apache.catalina.core.ApplicationFilterChain.internalDoFilter(ApplicationFilterChain.java:193) ~[tomcat-embed-core-9.0.39.jar:9.0.39]
	at org.apache.catalina.core.ApplicationFilterChain.doFilter(ApplicationFilterChain.java:166) ~[tomcat-embed-core-9.0.39.jar:9.0.39]
	at org.springframework.web.filter.CharacterEncodingFilter.doFilterInternal(CharacterEncodingFilter.java:201) ~[spring-web-5.3.1.jar:5.3.1]
	at org.springframework.web.filter.OncePerRequestFilter.doFilter(OncePerRequestFilter.java:119) ~[spring-web-5.3.1.jar:5.3.1]
	at org.apache.catalina.core.ApplicationFilterChain.internalDoFilter(ApplicationFilterChain.java:193) ~[tomcat-embed-core-9.0.39.jar:9.0.39]
	at org.apache.catalina.core.ApplicationFilterChain.doFilter(ApplicationFilterChain.java:166) ~[tomcat-embed-core-9.0.39.jar:9.0.39]
	at org.apache.catalina.core.StandardWrapperValve.invoke(StandardWrapperValve.java:202) ~[tomcat-embed-core-9.0.39.jar:9.0.39]
	at org.apache.catalina.core.StandardContextValve.invoke(StandardContextValve.java:97) ~[tomcat-embed-core-9.0.39.jar:9.0.39]
	at org.apache.catalina.authenticator.AuthenticatorBase.invoke(AuthenticatorBase.java:542) ~[tomcat-embed-core-9.0.39.jar:9.0.39]
	at org.apache.catalina.core.StandardHostValve.invoke(StandardHostValve.java:143) ~[tomcat-embed-core-9.0.39.jar:9.0.39]
	at org.apache.catalina.valves.ErrorReportValve.invoke(ErrorReportValve.java:92) ~[tomcat-embed-core-9.0.39.jar:9.0.39]
	at org.apache.catalina.core.StandardEngineValve.invoke(StandardEngineValve.java:78) ~[tomcat-embed-core-9.0.39.jar:9.0.39]
	at org.apache.catalina.connector.CoyoteAdapter.service(CoyoteAdapter.java:343) ~[tomcat-embed-core-9.0.39.jar:9.0.39]
	at org.apache.coyote.http11.Http11Processor.service(Http11Processor.java:374) ~[tomcat-embed-core-9.0.39.jar:9.0.39]
	at org.apache.coyote.AbstractProcessorLight.process(AbstractProcessorLight.java:65) ~[tomcat-embed-core-9.0.39.jar:9.0.39]
	at org.apache.coyote.AbstractProtocol$ConnectionHandler.process(AbstractProtocol.java:868) ~[tomcat-embed-core-9.0.39.jar:9.0.39]
	at org.apache.tomcat.util.net.NioEndpoint$SocketProcessor.doRun(NioEndpoint.java:1590) ~[tomcat-embed-core-9.0.39.jar:9.0.39]
	at org.apache.tomcat.util.net.SocketProcessorBase.run(SocketProcessorBase.java:49) ~[tomcat-embed-core-9.0.39.jar:9.0.39]
	at java.util.concurrent.ThreadPoolExecutor.runWorker(ThreadPoolExecutor.java:1130) ~[?:?]
	at java.util.concurrent.ThreadPoolExecutor$Worker.run(ThreadPoolExecutor.java:630) ~[?:?]
	at org.apache.tomcat.util.threads.TaskThread$WrappingRunnable.run(TaskThread.java:61) ~[tomcat-embed-core-9.0.39.jar:9.0.39]
	at java.lang.Thread.run(Thread.java:832) [?:?]
[2021-01-12 11:03:23:181] [ERROR] - Servlet.service() for servlet [dispatcherServlet] in context with path [] threw exception [Request processing failed; nested exception is org.mybatis.spring.MyBatisSystemException: nested exception is org.apache.ibatis.exceptions.PersistenceException: 
### Error querying database.  Cause: org.springframework.jdbc.CannotGetJdbcConnectionException: Failed to obtain JDBC Connection; nested exception is com.microsoft.sqlserver.jdbc.SQLServerException: 无法打开登录所请求的数据库 "WMS"。登录失败。 ClientConnectionId:30845fec-c24a-4967-99ce-0011885afd2c
### The error may exist in file [D:\AL\Project\Java\WorkSpace\ordermigratedbtool\target\classes\mapper\newclassesadmin\UserInfoMapper.xml]
### The error may involve com.onlyedu.ordermigratedbtool.dao.newclassesadmin.UserInfoMapper.getUserWithOrder
### The error occurred while executing a query
### Cause: org.springframework.jdbc.CannotGetJdbcConnectionException: Failed to obtain JDBC Connection; nested exception is com.microsoft.sqlserver.jdbc.SQLServerException: 无法打开登录所请求的数据库 "WMS"。登录失败。 ClientConnectionId:30845fec-c24a-4967-99ce-0011885afd2c] with root cause
com.microsoft.sqlserver.jdbc.SQLServerException: 无法打开登录所请求的数据库 "WMS"。登录失败。 ClientConnectionId:30845fec-c24a-4967-99ce-0011885afd2c
	at com.microsoft.sqlserver.jdbc.SQLServerException.makeFromDatabaseError(SQLServerException.java:262) ~[mssql-jdbc-8.4.1.jre8.jar:?]
	at com.microsoft.sqlserver.jdbc.TDSTokenHandler.onEOF(tdsparser.java:283) ~[mssql-jdbc-8.4.1.jre8.jar:?]
	at com.microsoft.sqlserver.jdbc.TDSParser.parse(tdsparser.java:129) ~[mssql-jdbc-8.4.1.jre8.jar:?]
	at com.microsoft.sqlserver.jdbc.TDSParser.parse(tdsparser.java:37) ~[mssql-jdbc-8.4.1.jre8.jar:?]
	at com.microsoft.sqlserver.jdbc.SQLServerConnection.sendLogon(SQLServerConnection.java:5233) ~[mssql-jdbc-8.4.1.jre8.jar:?]
	at com.microsoft.sqlserver.jdbc.SQLServerConnection.logon(SQLServerConnection.java:3988) ~[mssql-jdbc-8.4.1.jre8.jar:?]
	at com.microsoft.sqlserver.jdbc.SQLServerConnection.access$000(SQLServerConnection.java:85) ~[mssql-jdbc-8.4.1.jre8.jar:?]
	at com.microsoft.sqlserver.jdbc.SQLServerConnection$LogonCommand.doExecute(SQLServerConnection.java:3932) ~[mssql-jdbc-8.4.1.jre8.jar:?]
	at com.microsoft.sqlserver.jdbc.TDSCommand.execute(IOBuffer.java:7375) ~[mssql-jdbc-8.4.1.jre8.jar:?]
	at com.microsoft.sqlserver.jdbc.SQLServerConnection.executeCommand(SQLServerConnection.java:3206) ~[mssql-jdbc-8.4.1.jre8.jar:?]
	at com.microsoft.sqlserver.jdbc.SQLServerConnection.connectHelper(SQLServerConnection.java:2713) ~[mssql-jdbc-8.4.1.jre8.jar:?]
	at com.microsoft.sqlserver.jdbc.SQLServerConnection.login(SQLServerConnection.java:2362) ~[mssql-jdbc-8.4.1.jre8.jar:?]
	at com.microsoft.sqlserver.jdbc.SQLServerConnection.connectInternal(SQLServerConnection.java:2213) ~[mssql-jdbc-8.4.1.jre8.jar:?]
	at com.microsoft.sqlserver.jdbc.SQLServerConnection.connect(SQLServerConnection.java:1276) ~[mssql-jdbc-8.4.1.jre8.jar:?]
	at com.microsoft.sqlserver.jdbc.SQLServerDriver.connect(SQLServerDriver.java:861) ~[mssql-jdbc-8.4.1.jre8.jar:?]
	at com.zaxxer.hikari.util.DriverDataSource.getConnection(DriverDataSource.java:138) ~[HikariCP-3.4.5.jar:?]
	at com.zaxxer.hikari.pool.PoolBase.newConnection(PoolBase.java:358) ~[HikariCP-3.4.5.jar:?]
	at com.zaxxer.hikari.pool.PoolBase.newPoolEntry(PoolBase.java:206) ~[HikariCP-3.4.5.jar:?]
	at com.zaxxer.hikari.pool.HikariPool.createPoolEntry(HikariPool.java:477) ~[HikariCP-3.4.5.jar:?]
	at com.zaxxer.hikari.pool.HikariPool.checkFailFast(HikariPool.java:560) ~[HikariCP-3.4.5.jar:?]
	at com.zaxxer.hikari.pool.HikariPool.<init>(HikariPool.java:115) ~[HikariCP-3.4.5.jar:?]
	at com.zaxxer.hikari.HikariDataSource.getConnection(HikariDataSource.java:112) ~[HikariCP-3.4.5.jar:?]
	at org.springframework.jdbc.datasource.DataSourceUtils.fetchConnection(DataSourceUtils.java:158) ~[spring-jdbc-5.3.1.jar:5.3.1]
	at org.springframework.jdbc.datasource.DataSourceUtils.doGetConnection(DataSourceUtils.java:116) ~[spring-jdbc-5.3.1.jar:5.3.1]
	at org.springframework.jdbc.datasource.DataSourceUtils.getConnection(DataSourceUtils.java:79) ~[spring-jdbc-5.3.1.jar:5.3.1]
	at org.mybatis.spring.transaction.SpringManagedTransaction.openConnection(SpringManagedTransaction.java:80) ~[mybatis-spring-2.0.6.jar:2.0.6]
	at org.mybatis.spring.transaction.SpringManagedTransaction.getConnection(SpringManagedTransaction.java:67) ~[mybatis-spring-2.0.6.jar:2.0.6]
	at org.apache.ibatis.executor.BaseExecutor.getConnection(BaseExecutor.java:337) ~[mybatis-3.5.6.jar:3.5.6]
	at org.apache.ibatis.executor.SimpleExecutor.prepareStatement(SimpleExecutor.java:86) ~[mybatis-3.5.6.jar:3.5.6]
	at org.apache.ibatis.executor.SimpleExecutor.doQuery(SimpleExecutor.java:62) ~[mybatis-3.5.6.jar:3.5.6]
	at org.apache.ibatis.executor.BaseExecutor.queryFromDatabase(BaseExecutor.java:325) ~[mybatis-3.5.6.jar:3.5.6]
	at org.apache.ibatis.executor.BaseExecutor.query(BaseExecutor.java:156) ~[mybatis-3.5.6.jar:3.5.6]
	at org.apache.ibatis.executor.CachingExecutor.query(CachingExecutor.java:109) ~[mybatis-3.5.6.jar:3.5.6]
	at org.apache.ibatis.executor.CachingExecutor.query(CachingExecutor.java:89) ~[mybatis-3.5.6.jar:3.5.6]
	at org.apache.ibatis.session.defaults.DefaultSqlSession.selectList(DefaultSqlSession.java:147) ~[mybatis-3.5.6.jar:3.5.6]
	at org.apache.ibatis.session.defaults.DefaultSqlSession.selectList(DefaultSqlSession.java:140) ~[mybatis-3.5.6.jar:3.5.6]
	at org.apache.ibatis.session.defaults.DefaultSqlSession.selectOne(DefaultSqlSession.java:76) ~[mybatis-3.5.6.jar:3.5.6]
	at jdk.internal.reflect.NativeMethodAccessorImpl.invoke0(Native Method) ~[?:?]
	at jdk.internal.reflect.NativeMethodAccessorImpl.invoke(NativeMethodAccessorImpl.java:64) ~[?:?]
	at jdk.internal.reflect.DelegatingMethodAccessorImpl.invoke(DelegatingMethodAccessorImpl.java:43) ~[?:?]
	at java.lang.reflect.Method.invoke(Method.java:564) ~[?:?]
	at org.mybatis.spring.SqlSessionTemplate$SqlSessionInterceptor.invoke(SqlSessionTemplate.java:427) ~[mybatis-spring-2.0.6.jar:2.0.6]
	at com.sun.proxy.$Proxy66.selectOne(Unknown Source) ~[?:?]
	at org.mybatis.spring.SqlSessionTemplate.selectOne(SqlSessionTemplate.java:160) ~[mybatis-spring-2.0.6.jar:2.0.6]
	at org.apache.ibatis.binding.MapperMethod.execute(MapperMethod.java:87) ~[mybatis-3.5.6.jar:3.5.6]
	at org.apache.ibatis.binding.MapperProxy$PlainMethodInvoker.invoke(MapperProxy.java:152) ~[mybatis-3.5.6.jar:3.5.6]
	at org.apache.ibatis.binding.MapperProxy.invoke(MapperProxy.java:85) ~[mybatis-3.5.6.jar:3.5.6]
	at com.sun.proxy.$Proxy67.getUserWithOrder(Unknown Source) ~[?:?]
	at com.onlyedu.ordermigratedbtool.service.UserInfoService.getUserWithOrder(UserInfoService.java:18) ~[classes/:?]
	at com.onlyedu.ordermigratedbtool.controller.UserInfoController.getUserWithOrder(UserInfoController.java:23) ~[classes/:?]
	at jdk.internal.reflect.NativeMethodAccessorImpl.invoke0(Native Method) ~[?:?]
	at jdk.internal.reflect.NativeMethodAccessorImpl.invoke(NativeMethodAccessorImpl.java:64) ~[?:?]
	at jdk.internal.reflect.DelegatingMethodAccessorImpl.invoke(DelegatingMethodAccessorImpl.java:43) ~[?:?]
	at java.lang.reflect.Method.invoke(Method.java:564) ~[?:?]
	at org.springframework.web.method.support.InvocableHandlerMethod.doInvoke(InvocableHandlerMethod.java:197) ~[spring-web-5.3.1.jar:5.3.1]
	at org.springframework.web.method.support.InvocableHandlerMethod.invokeForRequest(InvocableHandlerMethod.java:141) ~[spring-web-5.3.1.jar:5.3.1]
	at org.springframework.web.servlet.mvc.method.annotation.ServletInvocableHandlerMethod.invokeAndHandle(ServletInvocableHandlerMethod.java:106) ~[spring-webmvc-5.3.1.jar:5.3.1]
	at org.springframework.web.servlet.mvc.method.annotation.RequestMappingHandlerAdapter.invokeHandlerMethod(RequestMappingHandlerAdapter.java:893) ~[spring-webmvc-5.3.1.jar:5.3.1]
	at org.springframework.web.servlet.mvc.method.annotation.RequestMappingHandlerAdapter.handleInternal(RequestMappingHandlerAdapter.java:807) ~[spring-webmvc-5.3.1.jar:5.3.1]
	at org.springframework.web.servlet.mvc.method.AbstractHandlerMethodAdapter.handle(AbstractHandlerMethodAdapter.java:87) ~[spring-webmvc-5.3.1.jar:5.3.1]
	at org.springframework.web.servlet.DispatcherServlet.doDispatch(DispatcherServlet.java:1061) ~[spring-webmvc-5.3.1.jar:5.3.1]
	at org.springframework.web.servlet.DispatcherServlet.doService(DispatcherServlet.java:961) ~[spring-webmvc-5.3.1.jar:5.3.1]
	at org.springframework.web.servlet.FrameworkServlet.processRequest(FrameworkServlet.java:1006) ~[spring-webmvc-5.3.1.jar:5.3.1]
	at org.springframework.web.servlet.FrameworkServlet.doGet(FrameworkServlet.java:898) ~[spring-webmvc-5.3.1.jar:5.3.1]
	at javax.servlet.http.HttpServlet.service(HttpServlet.java:626) ~[tomcat-embed-core-9.0.39.jar:4.0.FR]
	at org.springframework.web.servlet.FrameworkServlet.service(FrameworkServlet.java:883) ~[spring-webmvc-5.3.1.jar:5.3.1]
	at javax.servlet.http.HttpServlet.service(HttpServlet.java:733) ~[tomcat-embed-core-9.0.39.jar:4.0.FR]
	at org.apache.catalina.core.ApplicationFilterChain.internalDoFilter(ApplicationFilterChain.java:231) ~[tomcat-embed-core-9.0.39.jar:9.0.39]
	at org.apache.catalina.core.ApplicationFilterChain.doFilter(ApplicationFilterChain.java:166) ~[tomcat-embed-core-9.0.39.jar:9.0.39]
	at org.apache.tomcat.websocket.server.WsFilter.doFilter(WsFilter.java:53) ~[tomcat-embed-websocket-9.0.39.jar:9.0.39]
	at org.apache.catalina.core.ApplicationFilterChain.internalDoFilter(ApplicationFilterChain.java:193) ~[tomcat-embed-core-9.0.39.jar:9.0.39]
	at org.apache.catalina.core.ApplicationFilterChain.doFilter(ApplicationFilterChain.java:166) ~[tomcat-embed-core-9.0.39.jar:9.0.39]
	at org.springframework.web.filter.RequestContextFilter.doFilterInternal(RequestContextFilter.java:100) ~[spring-web-5.3.1.jar:5.3.1]
	at org.springframework.web.filter.OncePerRequestFilter.doFilter(OncePerRequestFilter.java:119) ~[spring-web-5.3.1.jar:5.3.1]
	at org.apache.catalina.core.ApplicationFilterChain.internalDoFilter(ApplicationFilterChain.java:193) ~[tomcat-embed-core-9.0.39.jar:9.0.39]
	at org.apache.catalina.core.ApplicationFilterChain.doFilter(ApplicationFilterChain.java:166) ~[tomcat-embed-core-9.0.39.jar:9.0.39]
	at org.springframework.web.filter.FormContentFilter.doFilterInternal(FormContentFilter.java:93) ~[spring-web-5.3.1.jar:5.3.1]
	at org.springframework.web.filter.OncePerRequestFilter.doFilter(OncePerRequestFilter.java:119) ~[spring-web-5.3.1.jar:5.3.1]
	at org.apache.catalina.core.ApplicationFilterChain.internalDoFilter(ApplicationFilterChain.java:193) ~[tomcat-embed-core-9.0.39.jar:9.0.39]
	at org.apache.catalina.core.ApplicationFilterChain.doFilter(ApplicationFilterChain.java:166) ~[tomcat-embed-core-9.0.39.jar:9.0.39]
	at org.springframework.web.filter.CharacterEncodingFilter.doFilterInternal(CharacterEncodingFilter.java:201) ~[spring-web-5.3.1.jar:5.3.1]
	at org.springframework.web.filter.OncePerRequestFilter.doFilter(OncePerRequestFilter.java:119) ~[spring-web-5.3.1.jar:5.3.1]
	at org.apache.catalina.core.ApplicationFilterChain.internalDoFilter(ApplicationFilterChain.java:193) ~[tomcat-embed-core-9.0.39.jar:9.0.39]
	at org.apache.catalina.core.ApplicationFilterChain.doFilter(ApplicationFilterChain.java:166) ~[tomcat-embed-core-9.0.39.jar:9.0.39]
	at org.apache.catalina.core.StandardWrapperValve.invoke(StandardWrapperValve.java:202) ~[tomcat-embed-core-9.0.39.jar:9.0.39]
	at org.apache.catalina.core.StandardContextValve.invoke(StandardContextValve.java:97) ~[tomcat-embed-core-9.0.39.jar:9.0.39]
	at org.apache.catalina.authenticator.AuthenticatorBase.invoke(AuthenticatorBase.java:542) ~[tomcat-embed-core-9.0.39.jar:9.0.39]
	at org.apache.catalina.core.StandardHostValve.invoke(StandardHostValve.java:143) ~[tomcat-embed-core-9.0.39.jar:9.0.39]
	at org.apache.catalina.valves.ErrorReportValve.invoke(ErrorReportValve.java:92) ~[tomcat-embed-core-9.0.39.jar:9.0.39]
	at org.apache.catalina.core.StandardEngineValve.invoke(StandardEngineValve.java:78) ~[tomcat-embed-core-9.0.39.jar:9.0.39]
	at org.apache.catalina.connector.CoyoteAdapter.service(CoyoteAdapter.java:343) ~[tomcat-embed-core-9.0.39.jar:9.0.39]
	at org.apache.coyote.http11.Http11Processor.service(Http11Processor.java:374) ~[tomcat-embed-core-9.0.39.jar:9.0.39]
	at org.apache.coyote.AbstractProcessorLight.process(AbstractProcessorLight.java:65) ~[tomcat-embed-core-9.0.39.jar:9.0.39]
	at org.apache.coyote.AbstractProtocol$ConnectionHandler.process(AbstractProtocol.java:868) ~[tomcat-embed-core-9.0.39.jar:9.0.39]
	at org.apache.tomcat.util.net.NioEndpoint$SocketProcessor.doRun(NioEndpoint.java:1590) ~[tomcat-embed-core-9.0.39.jar:9.0.39]
	at org.apache.tomcat.util.net.SocketProcessorBase.run(SocketProcessorBase.java:49) ~[tomcat-embed-core-9.0.39.jar:9.0.39]
	at java.util.concurrent.ThreadPoolExecutor.runWorker(ThreadPoolExecutor.java:1130) ~[?:?]
	at java.util.concurrent.ThreadPoolExecutor$Worker.run(ThreadPoolExecutor.java:630) ~[?:?]
	at org.apache.tomcat.util.threads.TaskThread$WrappingRunnable.run(TaskThread.java:61) ~[tomcat-embed-core-9.0.39.jar:9.0.39]
	at java.lang.Thread.run(Thread.java:832) [?:?]
[2021-01-12 11:03:47:195] [INFO] - Shutting down ExecutorService 'applicationTaskExecutor'
[2021-01-12 11:03:56:062] [INFO] - Starting OrdermigratedbtoolApplication using Java 15.0.1 on DESKTOP-M1OD1AL with PID 35352 (D:\AL\Project\Java\WorkSpace\ordermigratedbtool\target\classes started by admin in D:\AL\Project\Java\WorkSpace)
[2021-01-12 11:03:56:067] [INFO] - No active profile set, falling back to default profiles: default
[2021-01-12 11:03:56:424] [WARN] - No MyBatis mapper was found in '[com.fancky.multipledatasource.dao.test]' package. Please check your configuration.
[2021-01-12 11:03:56:590] [INFO] - Tomcat initialized with port(s): 8101 (http)
[2021-01-12 11:03:56:595] [INFO] - Initializing ProtocolHandler ["http-nio-8101"]
[2021-01-12 11:03:56:595] [INFO] - Starting service [Tomcat]
[2021-01-12 11:03:56:595] [INFO] - Starting Servlet engine: [Apache Tomcat/9.0.39]
[2021-01-12 11:03:56:596] [INFO] - Loaded Apache Tomcat Native library [1.2.25] using APR version [1.7.0].
[2021-01-12 11:03:56:596] [INFO] - APR capabilities: IPv6 [true], sendfile [true], accept filters [false], random [true].
[2021-01-12 11:03:56:596] [INFO] - APR/OpenSSL configuration: useAprConnector [false], useOpenSSL [true]
[2021-01-12 11:03:56:599] [INFO] - OpenSSL successfully initialized [OpenSSL 1.1.1g  21 Apr 2020]
[2021-01-12 11:03:56:653] [INFO] - Initializing Spring embedded WebApplicationContext
[2021-01-12 11:03:56:654] [INFO] - Root WebApplicationContext: initialization completed in 564 ms
[2021-01-12 11:03:56:845] [WARN] - Property 'mapperLocations' was specified but matching resources are not found.
[2021-01-12 11:03:56:907] [INFO] - Initializing ExecutorService 'applicationTaskExecutor'
[2021-01-12 11:03:56:993] [INFO] - Starting ProtocolHandler ["http-nio-8101"]
[2021-01-12 11:03:57:007] [INFO] - Tomcat started on port(s): 8101 (http) with context path ''
[2021-01-12 11:03:57:014] [INFO] - Started OrdermigratedbtoolApplication in 1.158 seconds (JVM running for 1.781)
[2021-01-12 11:04:08:571] [INFO] - Initializing Spring DispatcherServlet 'dispatcherServlet'
[2021-01-12 11:04:08:571] [INFO] - Initializing Servlet 'dispatcherServlet'
[2021-01-12 11:04:08:572] [INFO] - Completed initialization in 1 ms
[2021-01-12 11:04:10:245] [INFO] - HikariPool-1 - Starting...
[2021-01-12 11:04:12:603] [WARN] - TLSv1 was negotiated. Please update server and client to use TLSv1.2 at minimum.
[2021-01-12 11:04:13:952] [INFO] - HikariPool-1 - Start completed.
[2021-01-12 11:04:14:101] [WARN] - TLSv1 was negotiated. Please update server and client to use TLSv1.2 at minimum.
[2021-01-12 11:04:14:147] [WARN] - TLSv1 was negotiated. Please update server and client to use TLSv1.2 at minimum.
[2021-01-12 11:04:14:195] [WARN] - TLSv1 was negotiated. Please update server and client to use TLSv1.2 at minimum.
[2021-01-12 11:04:14:238] [WARN] - TLSv1 was negotiated. Please update server and client to use TLSv1.2 at minimum.
[2021-01-12 11:04:14:283] [WARN] - TLSv1 was negotiated. Please update server and client to use TLSv1.2 at minimum.
[2021-01-12 11:04:14:332] [WARN] - TLSv1 was negotiated. Please update server and client to use TLSv1.2 at minimum.
[2021-01-12 11:04:14:379] [WARN] - TLSv1 was negotiated. Please update server and client to use TLSv1.2 at minimum.
[2021-01-12 11:04:14:427] [WARN] - TLSv1 was negotiated. Please update server and client to use TLSv1.2 at minimum.
[2021-01-12 11:04:14:471] [WARN] - TLSv1 was negotiated. Please update server and client to use TLSv1.2 at minimum.
[2021-01-12 11:07:11:483] [INFO] - Shutting down ExecutorService 'applicationTaskExecutor'
[2021-01-12 11:07:11:483] [INFO] - HikariPool-1 - Shutdown initiated...
[2021-01-12 11:07:11:485] [INFO] - HikariPool-1 - Shutdown completed.
