[2021-01-11 19:49:16:668] [INFO] - Starting OrdermigratedbtoolApplication using Java 15.0.1 on DESKTOP-M1OD1AL with PID 28760 (D:\AL\Project\Java\WorkSpace\ordermigratedbtool\target\classes started by admin in D:\AL\Project\Java\WorkSpace)
[2021-01-11 19:49:16:672] [INFO] - No active profile set, falling back to default profiles: default
[2021-01-11 19:49:17:239] [INFO] - Tomcat initialized with port(s): 8101 (http)
[2021-01-11 19:49:17:249] [INFO] - Initializing ProtocolHandler ["http-nio-8101"]
[2021-01-11 19:49:17:249] [INFO] - Starting service [Tomcat]
[2021-01-11 19:49:17:249] [INFO] - Starting Servlet engine: [Apache Tomcat/9.0.39]
[2021-01-11 19:49:17:250] [INFO] - Loaded Apache Tomcat Native library [1.2.25] using APR version [1.7.0].
[2021-01-11 19:49:17:250] [INFO] - APR capabilities: IPv6 [true], sendfile [true], accept filters [false], random [true].
[2021-01-11 19:49:17:250] [INFO] - APR/OpenSSL configuration: useAprConnector [false], useOpenSSL [true]
[2021-01-11 19:49:17:274] [INFO] - OpenSSL successfully initialized [OpenSSL 1.1.1g  21 Apr 2020]
[2021-01-11 19:49:17:331] [INFO] - Initializing Spring embedded WebApplicationContext
[2021-01-11 19:49:17:332] [INFO] - Root WebApplicationContext: initialization completed in 633 ms
[2021-01-11 19:49:17:427] [INFO] - Initializing ExecutorService 'applicationTaskExecutor'
[2021-01-11 19:49:17:512] [WARN] - Exception encountered during context initialization - cancelling refresh attempt: org.springframework.beans.factory.BeanCreationException: Error creating bean with name 'dataSource' defined in class path resource [org/springframework/boot/autoconfigure/jdbc/DataSourceConfiguration$Hikari.class]: Bean instantiation via factory method failed; nested exception is org.springframework.beans.BeanInstantiationException: Failed to instantiate [com.zaxxer.hikari.HikariDataSource]: Factory method 'dataSource' threw exception; nested exception is org.springframework.boot.autoconfigure.jdbc.DataSourceProperties$DataSourceBeanCreationException: Failed to determine a suitable driver class
[2021-01-11 19:49:17:513] [INFO] - Shutting down ExecutorService 'applicationTaskExecutor'
[2021-01-11 19:49:17:515] [INFO] - Stopping service [Tomcat]
[2021-01-11 19:49:17:601] [INFO] - 

Error starting ApplicationContext. To display the conditions report re-run your application with 'debug' enabled.
[2021-01-11 19:49:17:611] [ERROR] - 

***************************
APPLICATION FAILED TO START
***************************

Description:

Failed to configure a DataSource: 'url' attribute is not specified and no embedded datasource could be configured.

Reason: Failed to determine a suitable driver class


Action:

Consider the following:
	If you want an embedded database (H2, HSQL or Derby), please put it on the classpath.
	If you have database settings to be loaded from a particular profile you may need to activate it (no profiles are currently active).

[2021-01-11 20:14:23:348] [INFO] - Starting OrdermigratedbtoolApplication using Java 15.0.1 on DESKTOP-M1OD1AL with PID 17044 (D:\AL\Project\Java\WorkSpace\ordermigratedbtool\target\classes started by admin in D:\AL\Project\Java\WorkSpace)
[2021-01-11 20:14:23:354] [INFO] - No active profile set, falling back to default profiles: default
[2021-01-11 20:14:23:723] [WARN] - No MyBatis mapper was found in '[com.fancky.multipledatasource.dao.demo]' package. Please check your configuration.
[2021-01-11 20:14:23:724] [WARN] - No MyBatis mapper was found in '[com.fancky.multipledatasource.dao.test]' package. Please check your configuration.
[2021-01-11 20:14:23:920] [INFO] - Tomcat initialized with port(s): 8101 (http)
[2021-01-11 20:14:23:925] [INFO] - Initializing ProtocolHandler ["http-nio-8101"]
[2021-01-11 20:14:23:925] [INFO] - Starting service [Tomcat]
[2021-01-11 20:14:23:925] [INFO] - Starting Servlet engine: [Apache Tomcat/9.0.39]
[2021-01-11 20:14:23:926] [INFO] - Loaded Apache Tomcat Native library [1.2.25] using APR version [1.7.0].
[2021-01-11 20:14:23:926] [INFO] - APR capabilities: IPv6 [true], sendfile [true], accept filters [false], random [true].
[2021-01-11 20:14:23:926] [INFO] - APR/OpenSSL configuration: useAprConnector [false], useOpenSSL [true]
[2021-01-11 20:14:23:928] [INFO] - OpenSSL successfully initialized [OpenSSL 1.1.1g  21 Apr 2020]
[2021-01-11 20:14:23:977] [INFO] - Initializing Spring embedded WebApplicationContext
[2021-01-11 20:14:23:977] [INFO] - Root WebApplicationContext: initialization completed in 599 ms
[2021-01-11 20:14:24:076] [WARN] - Property 'mapperLocations' was specified but matching resources are not found.
[2021-01-11 20:14:24:089] [WARN] - Property 'mapperLocations' was specified but matching resources are not found.
[2021-01-11 20:14:24:158] [INFO] - Initializing ExecutorService 'applicationTaskExecutor'
[2021-01-11 20:14:24:250] [INFO] - Starting ProtocolHandler ["http-nio-8101"]
[2021-01-11 20:14:24:265] [INFO] - Tomcat started on port(s): 8101 (http) with context path ''
[2021-01-11 20:14:24:275] [INFO] - Started OrdermigratedbtoolApplication in 1.154 seconds (JVM running for 2.048)
[2021-01-11 20:15:57:808] [INFO] - Shutting down ExecutorService 'applicationTaskExecutor'
